<?xml version="1.0" encoding="UTF-8"?>
<testsuite xmlns:xsi="http://www.w3.org/2001/XMLSchema-instance" xsi:noNamespaceSchemaLocation="https://maven.apache.org/surefire/maven-surefire-plugin/xsd/surefire-test-report-3.0.xsd" version="3.0" name="tn.comping.spring.backendcomping.BackendCompingApplicationTests" time="11.415" tests="1" errors="0" skipped="0" failures="0">
  <properties>
[...]
</properties>
  <testcase name="contextLoads" classname="tn.comping.spring.backendcomping.BackendCompingApplicationTests" time="0.025">
    <system-out><![CDATA[04:09:56.676 [main] INFO org.springframework.test.context.support.AnnotationConfigContextLoaderUtils -- Could not detect default configuration classes for test class [tn.comping.spring.backendcomping.BackendCompingApplicationTests]: BackendCompingApplicationTests does not declare any static, non-private, non-final, nested classes annotated with @Configuration.
04:09:56.836 [main] INFO org.springframework.boot.test.context.SpringBootTestContextBootstrapper -- Found @SpringBootConfiguration tn.comping.spring.backendcomping.BackendCompingApplication for test class tn.comping.spring.backendcomping.BackendCompingApplicationTests
04:09:57.011 [main] INFO org.springframework.boot.devtools.restart.RestartApplicationListener -- Restart disabled due to context in which it is running

  .   ____          _            __ _ _
 /\\ / ___'_ __ _ _(_)_ __  __ _ \ \ \ \
( ( )\___ | '_ | '_| | '_ \/ _` | \ \ \ \
 \\/  ___)| |_)| | | | | || (_| |  ) ) ) )
  '  |____| .__|_| |_|_| |_\__, | / / / /
 =========|_|==============|___/=/_/_/_/

 :: Spring Boot ::                (v3.3.5)

2026-05-16T04:09:57.294+02:00  INFO 15088 --- [backendComping] [           main] t.c.s.b.BackendCompingApplicationTests   : Starting BackendCompingApplicationTests using Java 17.0.12 with PID 15088 (started by MSI PC in c:\Users\MSI PC\Documents\2eme\PI\v12\backendComping)
2026-05-16T04:09:57.295+02:00 DEBUG 15088 --- [backendComping] [           main] t.c.s.b.BackendCompingApplicationTests   : Running with Spring Boot v3.3.5, Spring v6.1.14
2026-05-16T04:09:57.296+02:00  INFO 15088 --- [backendComping] [           main] t.c.s.b.BackendCompingApplicationTests   : No active profile set, falling back to 1 default profile: "default"
2026-05-16T04:09:59.794+02:00  INFO 15088 --- [backendComping] [           main] .s.d.r.c.RepositoryConfigurationDelegate : Bootstrapping Spring Data MongoDB repositories in DEFAULT mode.
2026-05-16T04:10:00.005+02:00  INFO 15088 --- [backendComping] [           main] .s.d.r.c.RepositoryConfigurationDelegate : Finished Spring Data repository scanning in 204 ms. Found 27 MongoDB repository interfaces.
2026-05-16T04:10:01.539+02:00  INFO 15088 --- [backendComping] [           main] org.mongodb.driver.client                : MongoClient with metadata {"driver": {"name": "mongo-java-driver|sync|spring-boot", "version": "5.0.1"}, "os": {"type": "Windows", "name": "Windows 11", "architecture": "amd64", "version": "10.0"}, "platform": "Java/Oracle Corporation/17.0.12+8-LTS-286"} created with settings MongoClientSettings{readPreference=primary, writeConcern=WriteConcern{w=null, wTimeout=null ms, journal=null}, retryWrites=true, retryReads=true, readConcern=ReadConcern{level=null}, credential=null, transportSettings=null, commandListeners=[], codecRegistry=ProvidersCodecRegistry{codecProviders=[ValueCodecProvider{}, BsonValueCodecProvider{}, DBRefCodecProvider{}, DBObjectCodecProvider{}, DocumentCodecProvider{}, CollectionCodecProvider{}, IterableCodecProvider{}, MapCodecProvider{}, GeoJsonCodecProvider{}, GridFSFileCodecProvider{}, Jsr310CodecProvider{}, JsonObjectCodecProvider{}, BsonCodecProvider{}, EnumCodecProvider{}, com.mongodb.client.model.mql.ExpressionCodecProvider@54fffa5a, com.mongodb.Jep395RecordCodecProvider@407d2a01, com.mongodb.KotlinCodecProvider@461b38ca]}, loggerSettings=LoggerSettings{maxDocumentLength=1000}, clusterSettings={hosts=[localhost:27017], srvServiceName=mongodb, mode=SINGLE, requiredClusterType=UNKNOWN, requiredReplicaSetName='null', serverSelector='null', clusterListeners='[]', serverSelectionTimeout='30000 ms', localThreshold='15 ms'}, socketSettings=SocketSettings{connectTimeoutMS=10000, readTimeoutMS=0, receiveBufferSize=0, proxySettings=ProxySettings{host=null, port=null, username=null, password=null}}, heartbeatSocketSettings=SocketSettings{connectTimeoutMS=10000, readTimeoutMS=10000, receiveBufferSize=0, proxySettings=ProxySettings{host=null, port=null, username=null, password=null}}, connectionPoolSettings=ConnectionPoolSettings{maxSize=100, minSize=0, maxWaitTimeMS=120000, maxConnectionLifeTimeMS=0, maxConnectionIdleTimeMS=0, maintenanceInitialDelayMS=0, maintenanceFrequencyMS=60000, connectionPoolListeners=[], maxConnecting=2}, serverSettings=ServerSettings{heartbeatFrequencyMS=10000, minHeartbeatFrequencyMS=500, serverListeners='[]', serverMonitorListeners='[]'}, sslSettings=SslSettings{enabled=false, invalidHostNameAllowed=false, context=null}, applicationName='null', compressorList=[], uuidRepresentation=JAVA_LEGACY, serverApi=null, autoEncryptionSettings=null, dnsClient=null, inetAddressResolver=null, contextProvider=null}
2026-05-16T04:10:01.606+02:00  INFO 15088 --- [backendComping] [localhost:27017] org.mongodb.driver.cluster               : Monitor thread successfully connected to server with description ServerDescription{address=localhost:27017, type=STANDALONE, state=CONNECTED, ok=true, minWireVersion=0, maxWireVersion=25, maxDocumentSize=16777216, logicalSessionTimeoutMinutes=30, roundTripTimeNanos=106043800}
2026-05-16T04:10:04.287+02:00  INFO 15088 --- [backendComping] [           main] t.c.s.b.s.serviceImpl.ChatServiceImpl    : Vosk model loaded successfully
2026-05-16T04:10:05.994+02:00  WARN 15088 --- [backendComping] [           main] .s.s.UserDetailsServiceAutoConfiguration : 

Using generated security password: dd8adafb-873c-45a2-a66c-76adf4d128d6

This generated password is for development use only. Your security configuration must be updated before running your application in production.

2026-05-16T04:10:06.023+02:00  INFO 15088 --- [backendComping] [           main] r$InitializeUserDetailsManagerConfigurer : Global AuthenticationManager configured with UserDetailsService bean with name inMemoryUserDetailsManager
2026-05-16T04:10:06.770+02:00 DEBUG 15088 --- [backendComping] [           main] o.s.s.web.DefaultSecurityFilterChain     : Will secure any request with filters: DisableEncodeUrlFilter, WebAsyncManagerIntegrationFilter, SecurityContextHolderFilter, HeaderWriterFilter, CorsFilter, LogoutFilter, JwtFilter, RequestCacheAwareFilter, SecurityContextHolderAwareRequestFilter, AnonymousAuthenticationFilter, ExceptionTranslationFilter, AuthorizationFilter
2026-05-16T04:10:07.910+02:00  INFO 15088 --- [backendComping] [           main] o.s.m.s.b.SimpleBrokerMessageHandler     : Starting...
2026-05-16T04:10:07.912+02:00  INFO 15088 --- [backendComping] [           main] o.s.m.s.b.SimpleBrokerMessageHandler     : BrokerAvailabilityEvent[available=true, SimpleBrokerMessageHandler [org.springframework.messaging.simp.broker.DefaultSubscriptionRegistry@28c4cce2]]
2026-05-16T04:10:07.913+02:00  INFO 15088 --- [backendComping] [           main] o.s.m.s.b.SimpleBrokerMessageHandler     : Started.
2026-05-16T04:10:07.921+02:00  INFO 15088 --- [backendComping] [           main] t.c.s.b.BackendCompingApplicationTests   : Started BackendCompingApplicationTests in 10.922 seconds (process running for 14.113)
DATABASE USED : Comping
]]></system-out>
  </testcase>
</testsuite>