# JRE version: OpenJDK Runtime Environment Temurin-21.0.10+7 (21.0.10+7) (build 21.0.10+7-LTS)
# Java VM: OpenJDK 64-Bit Server VM Temurin-21.0.10+7 (21.0.10+7-LTS, mixed mode, sharing, tiered, compressed oops, compressed class ptrs, parallel gc, windows-amd64)
GC Precious Log:
 CardTable entry size: 512
 CPUs: 12 total, 12 available
 Memory: 16064M
 Large Page Support: Disabled
 NUMA Support: Disabled
 Compressed Oops: Enabled (32-bit)
 Alignments: Space 512K, Generation 512K, Heap 2M
 Heap Min Capacity: 100M
 Heap Initial Capacity: 100M
 Heap Max Capacity: 2G
 Pre-touch: Disabled
 Parallel Workers: 10
Heap:
 PSYoungGen      total 15872K, used 2312K [0x00000000d5580000, 0x00000000d6600000, 0x0000000100000000)
  eden space 14848K, 12% used [0x00000000d5580000,0x00000000d574e920,0x00000000d6400000)
  from space 1024K, 68% used [0x00000000d6400000,0x00000000d64b0000,0x00000000d6500000)
  to   space 1024K, 0% used [0x00000000d6500000,0x00000000d6500000,0x00000000d6600000)
 ParOldGen       total 68608K, used 53635K [0x0000000080000000, 0x0000000084300000, 0x00000000d5580000)
  object space 68608K, 78% used [0x0000000080000000,0x0000000083460d20,0x0000000084300000)
 Metaspace       used 51982K, committed 53312K, reserved 1114112K
  class space    used 5586K, committed 6144K, reserved 1048576K
GC Heap History (20 events):
Event: 43.848 GC heap before
{Heap before GC invocations=34 (full 2):
 PSYoungGen      total 17920K, used 17858K [0x00000000d5580000, 0x00000000d6980000, 0x0000000100000000)
  eden space 15872K, 100% used [0x00000000d5580000,0x00000000d6500000,0x00000000d6500000)
  from space 2048K, 96% used [0x00000000d6600000,0x00000000d67f0800,0x00000000d6800000)
  to   space 1536K, 0% used [0x00000000d6800000,0x00000000d6800000,0x00000000d6980000)
 ParOldGen       total 68608K, used 42050K [0x0000000080000000, 0x0000000084300000, 0x00000000d5580000)
  object space 68608K, 61% used [0x0000000080000000,0x0000000082910ad8,0x0000000084300000)
 Metaspace       used 50247K, committed 51584K, reserved 1114112K
  class space    used 5421K, committed 6016K, reserved 1048576K
}
Event: 43.857 GC heap after
{Heap after GC invocations=34 (full 2):
 PSYoungGen      total 16384K, used 1508K [0x00000000d5580000, 0x00000000d6d00000, 0x0000000100000000)
  eden space 14848K, 0% used [0x00000000d5580000,0x00000000d5580000,0x00000000d6400000)
  from space 1536K, 98% used [0x00000000d6800000,0x00000000d6979000,0x00000000d6980000)
  to   space 4096K, 0% used [0x00000000d6400000,0x00000000d6400000,0x00000000d6800000)
 ParOldGen       total 68608K, used 43977K [0x0000000080000000, 0x0000000084300000, 0x00000000d5580000)
  object space 68608K, 64% used [0x0000000080000000,0x0000000082af2488,0x0000000084300000)
 Metaspace       used 50247K, committed 51584K, reserved 1114112K
  class space    used 5421K, committed 6016K, reserved 1048576K
}
Event: 44.010 GC heap before
{Heap before GC invocations=35 (full 2):
 PSYoungGen      total 16384K, used 16356K [0x00000000d5580000, 0x00000000d6d00000, 0x0000000100000000)
  eden space 14848K, 100% used [0x00000000d5580000,0x00000000d6400000,0x00000000d6400000)
  from space 1536K, 98% used [0x00000000d6800000,0x00000000d6979000,0x00000000d6980000)
  to   space 4096K, 0% used [0x00000000d6400000,0x00000000d6400000,0x00000000d6800000)
 ParOldGen       total 68608K, used 43977K [0x0000000080000000, 0x0000000084300000, 0x00000000d5580000)
  object space 68608K, 64% used [0x0000000080000000,0x0000000082af2488,0x0000000084300000)
 Metaspace       used 50250K, committed 51648K, reserved 1114112K
  class space    used 5421K, committed 6016K, reserved 1048576K
}
Event: 44.015 GC heap after
{Heap after GC invocations=35 (full 2):
 PSYoungGen      total 16896K, used 1632K [0x00000000d5580000, 0x00000000d6900000, 0x0000000100000000)
  eden space 14848K, 0% used [0x00000000d5580000,0x00000000d5580000,0x00000000d6400000)
  from space 2048K, 79% used [0x00000000d6400000,0x00000000d6598000,0x00000000d6600000)
  to   space 2560K, 0% used [0x00000000d6680000,0x00000000d6680000,0x00000000d6900000)
 ParOldGen       total 68608K, used 45518K [0x0000000080000000, 0x0000000084300000, 0x00000000d5580000)
  object space 68608K, 66% used [0x0000000080000000,0x0000000082c73ab0,0x0000000084300000)
 Metaspace       used 50250K, committed 51648K, reserved 1114112K
  class space    used 5421K, committed 6016K, reserved 1048576K
}
Event: 44.223 GC heap before
{Heap before GC invocations=36 (full 2):
 PSYoungGen      total 16896K, used 16480K [0x00000000d5580000, 0x00000000d6900000, 0x0000000100000000)
  eden space 14848K, 100% used [0x00000000d5580000,0x00000000d6400000,0x00000000d6400000)
  from space 2048K, 79% used [0x00000000d6400000,0x00000000d6598000,0x00000000d6600000)
  to   space 2560K, 0% used [0x00000000d6680000,0x00000000d6680000,0x00000000d6900000)
 ParOldGen       total 68608K, used 45518K [0x0000000080000000, 0x0000000084300000, 0x00000000d5580000)
  object space 68608K, 66% used [0x0000000080000000,0x0000000082c73ab0,0x0000000084300000)
 Metaspace       used 50285K, committed 51648K, reserved 1114112K
  class space    used 5422K, committed 6016K, reserved 1048576K
}
Event: 44.229 GC heap after
{Heap after GC invocations=36 (full 2):
 PSYoungGen      total 16896K, used 1728K [0x00000000d5580000, 0x00000000d6880000, 0x0000000100000000)
  eden space 14848K, 0% used [0x00000000d5580000,0x00000000d5580000,0x00000000d6400000)
  from space 2048K, 84% used [0x00000000d6680000,0x00000000d6830010,0x00000000d6880000)
  to   space 2048K, 0% used [0x00000000d6400000,0x00000000d6400000,0x00000000d6600000)
 ParOldGen       total 68608K, used 47070K [0x0000000080000000, 0x0000000084300000, 0x00000000d5580000)
  object space 68608K, 68% used [0x0000000080000000,0x0000000082df7ab0,0x0000000084300000)
 Metaspace       used 50285K, committed 51648K, reserved 1114112K
  class space    used 5422K, committed 6016K, reserved 1048576K
}
Event: 44.424 GC heap before
{Heap before GC invocations=37 (full 2):
 PSYoungGen      total 16896K, used 16576K [0x00000000d5580000, 0x00000000d6880000, 0x0000000100000000)
  eden space 14848K, 100% used [0x00000000d5580000,0x00000000d6400000,0x00000000d6400000)
  from space 2048K, 84% used [0x00000000d6680000,0x00000000d6830010,0x00000000d6880000)
  to   space 2048K, 0% used [0x00000000d6400000,0x00000000d6400000,0x00000000d6600000)
 ParOldGen       total 68608K, used 47070K [0x0000000080000000, 0x0000000084300000, 0x00000000d5580000)
  object space 68608K, 68% used [0x0000000080000000,0x0000000082df7ab0,0x0000000084300000)
 Metaspace       used 50318K, committed 51712K, reserved 1114112K
  class space    used 5422K, committed 6016K, reserved 1048576K
}
Event: 44.432 GC heap after
{Heap after GC invocations=37 (full 2):
 PSYoungGen      total 16896K, used 1592K [0x00000000d5580000, 0x00000000d6800000, 0x0000000100000000)
  eden space 14848K, 0% used [0x00000000d5580000,0x00000000d5580000,0x00000000d6400000)
  from space 2048K, 77% used [0x00000000d6400000,0x00000000d658e200,0x00000000d6600000)
  to   space 2048K, 0% used [0x00000000d6600000,0x00000000d6600000,0x00000000d6800000)
 ParOldGen       total 68608K, used 48702K [0x0000000080000000, 0x0000000084300000, 0x00000000d5580000)
  object space 68608K, 70% used [0x0000000080000000,0x0000000082f8fac0,0x0000000084300000)
 Metaspace       used 50318K, committed 51712K, reserved 1114112K
  class space    used 5422K, committed 6016K, reserved 1048576K
}
Event: 45.101 GC heap before
{Heap before GC invocations=38 (full 2):
 PSYoungGen      total 16896K, used 16440K [0x00000000d5580000, 0x00000000d6800000, 0x0000000100000000)
  eden space 14848K, 100% used [0x00000000d5580000,0x00000000d6400000,0x00000000d6400000)
  from space 2048K, 77% used [0x00000000d6400000,0x00000000d658e200,0x00000000d6600000)
  to   space 2048K, 0% used [0x00000000d6600000,0x00000000d6600000,0x00000000d6800000)
 ParOldGen       total 68608K, used 48702K [0x0000000080000000, 0x0000000084300000, 0x00000000d5580000)
  object space 68608K, 70% used [0x0000000080000000,0x0000000082f8fac0,0x0000000084300000)
 Metaspace       used 50980K, committed 52352K, reserved 1114112K
  class space    used 5498K, committed 6080K, reserved 1048576K
}
Event: 45.107 GC heap after
{Heap after GC invocations=38 (full 2):
 PSYoungGen      total 15872K, used 800K [0x00000000d5580000, 0x00000000d6700000, 0x0000000100000000)
  eden space 14848K, 0% used [0x00000000d5580000,0x00000000d5580000,0x00000000d6400000)
  from space 1024K, 78% used [0x00000000d6600000,0x00000000d66c8010,0x00000000d6700000)
  to   space 1536K, 0% used [0x00000000d6400000,0x00000000d6400000,0x00000000d6580000)
 ParOldGen       total 68608K, used 50119K [0x0000000080000000, 0x0000000084300000, 0x00000000d5580000)
  object space 68608K, 73% used [0x0000000080000000,0x00000000830f1cc0,0x0000000084300000)
 Metaspace       used 50980K, committed 52352K, reserved 1114112K
  class space    used 5498K, committed 6080K, reserved 1048576K
}
Event: 45.289 GC heap before
{Heap before GC invocations=39 (full 2):
 PSYoungGen      total 15872K, used 15648K [0x00000000d5580000, 0x00000000d6700000, 0x0000000100000000)
  eden space 14848K, 100% used [0x00000000d5580000,0x00000000d6400000,0x00000000d6400000)
  from space 1024K, 78% used [0x00000000d6600000,0x00000000d66c8010,0x00000000d6700000)
  to   space 1536K, 0% used [0x00000000d6400000,0x00000000d6400000,0x00000000d6580000)
 ParOldGen       total 68608K, used 50119K [0x0000000080000000, 0x0000000084300000, 0x00000000d5580000)
  object space 68608K, 73% used [0x0000000080000000,0x00000000830f1cc0,0x0000000084300000)
 Metaspace       used 51253K, committed 52608K, reserved 1114112K
  class space    used 5525K, committed 6144K, reserved 1048576K
}
Event: 45.296 GC heap after
{Heap after GC invocations=39 (full 2):
 PSYoungGen      total 16384K, used 673K [0x00000000d5580000, 0x00000000d6680000, 0x0000000100000000)
  eden space 14848K, 0% used [0x00000000d5580000,0x00000000d5580000,0x00000000d6400000)
  from space 1536K, 43% used [0x00000000d6400000,0x00000000d64a8420,0x00000000d6580000)
  to   space 1024K, 0% used [0x00000000d6580000,0x00000000d6580000,0x00000000d6680000)
 ParOldGen       total 68608K, used 50743K [0x0000000080000000, 0x0000000084300000, 0x00000000d5580000)
  object space 68608K, 73% used [0x0000000080000000,0x000000008318dd10,0x0000000084300000)
 Metaspace       used 51253K, committed 52608K, reserved 1114112K
  class space    used 5525K, committed 6144K, reserved 1048576K
}
Event: 45.446 GC heap before
{Heap before GC invocations=40 (full 2):
 PSYoungGen      total 16384K, used 15521K [0x00000000d5580000, 0x00000000d6680000, 0x0000000100000000)
  eden space 14848K, 100% used [0x00000000d5580000,0x00000000d6400000,0x00000000d6400000)
  from space 1536K, 43% used [0x00000000d6400000,0x00000000d64a8420,0x00000000d6580000)
  to   space 1024K, 0% used [0x00000000d6580000,0x00000000d6580000,0x00000000d6680000)
 ParOldGen       total 68608K, used 50743K [0x0000000080000000, 0x0000000084300000, 0x00000000d5580000)
  object space 68608K, 73% used [0x0000000080000000,0x000000008318dd10,0x0000000084300000)
 Metaspace       used 51359K, committed 52736K, reserved 1114112K
  class space    used 5538K, committed 6144K, reserved 1048576K
}
Event: 45.450 GC heap after
{Heap after GC invocations=40 (full 2):
 PSYoungGen      total 15872K, used 1021K [0x00000000d5580000, 0x00000000d6700000, 0x0000000100000000)
  eden space 14848K, 0% used [0x00000000d5580000,0x00000000d5580000,0x00000000d6400000)
  from space 1024K, 99% used [0x00000000d6580000,0x00000000d667f630,0x00000000d6680000)
  to   space 1536K, 0% used [0x00000000d6400000,0x00000000d6400000,0x00000000d6580000)
 ParOldGen       total 68608K, used 50927K [0x0000000080000000, 0x0000000084300000, 0x00000000d5580000)
  object space 68608K, 74% used [0x0000000080000000,0x00000000831bbd10,0x0000000084300000)
 Metaspace       used 51359K, committed 52736K, reserved 1114112K
  class space    used 5538K, committed 6144K, reserved 1048576K
}
Event: 45.629 GC heap before
{Heap before GC invocations=41 (full 2):
 PSYoungGen      total 15872K, used 15869K [0x00000000d5580000, 0x00000000d6700000, 0x0000000100000000)
  eden space 14848K, 100% used [0x00000000d5580000,0x00000000d6400000,0x00000000d6400000)
  from space 1024K, 99% used [0x00000000d6580000,0x00000000d667f630,0x00000000d6680000)
  to   space 1536K, 0% used [0x00000000d6400000,0x00000000d6400000,0x00000000d6580000)
 ParOldGen       total 68608K, used 50927K [0x0000000080000000, 0x0000000084300000, 0x00000000d5580000)
  object space 68608K, 74% used [0x0000000080000000,0x00000000831bbd10,0x0000000084300000)
 Metaspace       used 51539K, committed 52928K, reserved 1114112K
  class space    used 5559K, committed 6144K, reserved 1048576K
}
Event: 45.635 GC heap after
{Heap after GC invocations=41 (full 2):
 PSYoungGen      total 15872K, used 799K [0x00000000d5580000, 0x00000000d6600000, 0x0000000100000000)
  eden space 14848K, 0% used [0x00000000d5580000,0x00000000d5580000,0x00000000d6400000)
  from space 1024K, 78% used [0x00000000d6400000,0x00000000d64c7cc8,0x00000000d6500000)
  to   space 1024K, 0% used [0x00000000d6500000,0x00000000d6500000,0x00000000d6600000)
 ParOldGen       total 68608K, used 51743K [0x0000000080000000, 0x0000000084300000, 0x00000000d5580000)
  object space 68608K, 75% used [0x0000000080000000,0x0000000083287d10,0x0000000084300000)
 Metaspace       used 51539K, committed 52928K, reserved 1114112K
  class space    used 5559K, committed 6144K, reserved 1048576K
}
Event: 45.838 GC heap before
{Heap before GC invocations=42 (full 2):
 PSYoungGen      total 15872K, used 15647K [0x00000000d5580000, 0x00000000d6600000, 0x0000000100000000)
  eden space 14848K, 100% used [0x00000000d5580000,0x00000000d6400000,0x00000000d6400000)
  from space 1024K, 78% used [0x00000000d6400000,0x00000000d64c7cc8,0x00000000d6500000)
  to   space 1024K, 0% used [0x00000000d6500000,0x00000000d6500000,0x00000000d6600000)
 ParOldGen       total 68608K, used 51743K [0x0000000080000000, 0x0000000084300000, 0x00000000d5580000)
  object space 68608K, 75% used [0x0000000080000000,0x0000000083287d10,0x0000000084300000)
 Metaspace       used 51723K, committed 53056K, reserved 1114112K
  class space    used 5577K, committed 6144K, reserved 1048576K
}
Event: 45.843 GC heap after
{Heap after GC invocations=42 (full 2):
 PSYoungGen      total 15872K, used 554K [0x00000000d5580000, 0x00000000d6600000, 0x0000000100000000)
  eden space 14848K, 0% used [0x00000000d5580000,0x00000000d5580000,0x00000000d6400000)
  from space 1024K, 54% used [0x00000000d6500000,0x00000000d658a8f8,0x00000000d6600000)
  to   space 1024K, 0% used [0x00000000d6400000,0x00000000d6400000,0x00000000d6500000)
 ParOldGen       total 68608K, used 52143K [0x0000000080000000, 0x0000000084300000, 0x00000000d5580000)
  object space 68608K, 76% used [0x0000000080000000,0x00000000832ebd10,0x0000000084300000)
 Metaspace       used 51723K, committed 53056K, reserved 1114112K
  class space    used 5577K, committed 6144K, reserved 1048576K
}
Event: 46.065 GC heap before
{Heap before GC invocations=43 (full 2):
 PSYoungGen      total 15872K, used 15402K [0x00000000d5580000, 0x00000000d6600000, 0x0000000100000000)
  eden space 14848K, 100% used [0x00000000d5580000,0x00000000d6400000,0x00000000d6400000)
  from space 1024K, 54% used [0x00000000d6500000,0x00000000d658a8f8,0x00000000d6600000)
  to   space 1024K, 0% used [0x00000000d6400000,0x00000000d6400000,0x00000000d6500000)
 ParOldGen       total 68608K, used 52143K [0x0000000080000000, 0x0000000084300000, 0x00000000d5580000)
  object space 68608K, 76% used [0x0000000080000000,0x00000000832ebd10,0x0000000084300000)
 Metaspace       used 51798K, committed 53184K, reserved 1114112K
  class space    used 5581K, committed 6144K, reserved 1048576K
}
Event: 46.069 GC heap after
{Heap after GC invocations=43 (full 2):
 PSYoungGen      total 15872K, used 720K [0x00000000d5580000, 0x00000000d6600000, 0x0000000100000000)
  eden space 14848K, 0% used [0x00000000d5580000,0x00000000d5580000,0x00000000d6400000)
  from space 1024K, 70% used [0x00000000d6400000,0x00000000d64b4010,0x00000000d6500000)
  to   space 1024K, 0% used [0x00000000d6500000,0x00000000d6500000,0x00000000d6600000)
 ParOldGen       total 68608K, used 52343K [0x0000000080000000, 0x0000000084300000, 0x00000000d5580000)
  object space 68608K, 76% used [0x0000000080000000,0x000000008331dd10,0x0000000084300000)
 Metaspace       used 51798K, committed 53184K, reserved 1114112K
  class space    used 5581K, committed 6144K, reserved 1048576K
}

