# JRE version: OpenJDK Runtime Environment Temurin-21.0.10+7 (21.0.10+7) (build 21.0.10+7-LTS)
# Java VM: OpenJDK 64-Bit Server VM Temurin-21.0.10+7 (21.0.10+7-LTS, mixed mode, sharing, tiered, compressed oops, compressed class ptrs, parallel gc, windows-amd64)
GC Precious Log:
 CardTable entry size: 512
 CPUs: 12 total, 12 available
 Memory: 16064M
 Large Page Support: Disabled
 NUMA Support: Disabled
 Compressed Oops: Enabled (32-bit)
 Alignments: Space 512K, Generation 512K, Heap 2M
 Heap Min Capacity: 100M
 Heap Initial Capacity: 100M
 Heap Max Capacity: 2G
 Pre-touch: Disabled
 Parallel Workers: 10
Heap:
 PSYoungGen      total 18944K, used 9998K [0x00000000d5580000, 0x00000000d6b00000, 0x0000000100000000)
  eden space 18432K, 51% used [0x00000000d5580000,0x00000000d5ecb820,0x00000000d6780000)
  from space 512K, 93% used [0x00000000d6a80000,0x00000000d6af8020,0x00000000d6b00000)
  to   space 1536K, 0% used [0x00000000d6800000,0x00000000d6800000,0x00000000d6980000)
 ParOldGen       total 71680K, used 59505K [0x0000000080000000, 0x0000000084600000, 0x00000000d5580000)
  object space 71680K, 83% used [0x0000000080000000,0x0000000083a1c4a8,0x0000000084600000)
 Metaspace       used 62875K, committed 64256K, reserved 1114112K
  class space    used 6631K, committed 7232K, reserved 1048576K
GC Heap History (20 events):
Event: 51.624 GC heap before
{Heap before GC invocations=63 (full 2):
 PSYoungGen      total 19456K, used 19371K [0x00000000d5580000, 0x00000000d6a00000, 0x0000000100000000)
  eden space 18432K, 100% used [0x00000000d5580000,0x00000000d6780000,0x00000000d6780000)
  from space 1024K, 91% used [0x00000000d6900000,0x00000000d69eae68,0x00000000d6a00000)
  to   space 1024K, 0% used [0x00000000d6780000,0x00000000d6780000,0x00000000d6880000)
 ParOldGen       total 70656K, used 70308K [0x0000000080000000, 0x0000000084500000, 0x00000000d5580000)
  object space 70656K, 99% used [0x0000000080000000,0x00000000844a9130,0x0000000084500000)
 Metaspace       used 56018K, committed 57408K, reserved 1114112K
  class space    used 5964K, committed 6528K, reserved 1048576K
}
Event: 51.628 GC heap after
{Heap after GC invocations=63 (full 2):
 PSYoungGen      total 19456K, used 544K [0x00000000d5580000, 0x00000000d6980000, 0x0000000100000000)
  eden space 18432K, 0% used [0x00000000d5580000,0x00000000d5580000,0x00000000d6780000)
  from space 1024K, 53% used [0x00000000d6780000,0x00000000d6808020,0x00000000d6880000)
  to   space 1024K, 0% used [0x00000000d6880000,0x00000000d6880000,0x00000000d6980000)
 ParOldGen       total 71168K, used 70958K [0x0000000080000000, 0x0000000084580000, 0x00000000d5580000)
  object space 71168K, 99% used [0x0000000080000000,0x000000008454bba0,0x0000000084580000)
 Metaspace       used 56018K, committed 57408K, reserved 1114112K
  class space    used 5964K, committed 6528K, reserved 1048576K
}
Event: 55.287 GC heap before
{Heap before GC invocations=64 (full 2):
 PSYoungGen      total 19456K, used 18976K [0x00000000d5580000, 0x00000000d6980000, 0x0000000100000000)
  eden space 18432K, 100% used [0x00000000d5580000,0x00000000d6780000,0x00000000d6780000)
  from space 1024K, 53% used [0x00000000d6780000,0x00000000d6808020,0x00000000d6880000)
  to   space 1024K, 0% used [0x00000000d6880000,0x00000000d6880000,0x00000000d6980000)
 ParOldGen       total 71168K, used 70958K [0x0000000080000000, 0x0000000084580000, 0x00000000d5580000)
  object space 71168K, 99% used [0x0000000080000000,0x000000008454bba0,0x0000000084580000)
 Metaspace       used 56589K, committed 57984K, reserved 1114112K
  class space    used 6026K, committed 6656K, reserved 1048576K
}
Event: 55.291 GC heap after
{Heap after GC invocations=64 (full 2):
 PSYoungGen      total 19456K, used 876K [0x00000000d5580000, 0x00000000d6980000, 0x0000000100000000)
  eden space 18432K, 0% used [0x00000000d5580000,0x00000000d5580000,0x00000000d6780000)
  from space 1024K, 85% used [0x00000000d6880000,0x00000000d695b1a8,0x00000000d6980000)
  to   space 1024K, 0% used [0x00000000d6780000,0x00000000d6780000,0x00000000d6880000)
 ParOldGen       total 71168K, used 71134K [0x0000000080000000, 0x0000000084580000, 0x00000000d5580000)
  object space 71168K, 99% used [0x0000000080000000,0x0000000084577bc0,0x0000000084580000)
 Metaspace       used 56589K, committed 57984K, reserved 1114112K
  class space    used 6026K, committed 6656K, reserved 1048576K
}
Event: 59.680 GC heap before
{Heap before GC invocations=65 (full 2):
 PSYoungGen      total 19456K, used 19308K [0x00000000d5580000, 0x00000000d6980000, 0x0000000100000000)
  eden space 18432K, 100% used [0x00000000d5580000,0x00000000d6780000,0x00000000d6780000)
  from space 1024K, 85% used [0x00000000d6880000,0x00000000d695b1a8,0x00000000d6980000)
  to   space 1024K, 0% used [0x00000000d6780000,0x00000000d6780000,0x00000000d6880000)
 ParOldGen       total 71168K, used 71134K [0x0000000080000000, 0x0000000084580000, 0x00000000d5580000)
  object space 71168K, 99% used [0x0000000080000000,0x0000000084577bc0,0x0000000084580000)
 Metaspace       used 57842K, committed 59328K, reserved 1114112K
  class space    used 6167K, committed 6784K, reserved 1048576K
}
Event: 59.684 GC heap after
{Heap after GC invocations=65 (full 2):
 PSYoungGen      total 19456K, used 544K [0x00000000d5580000, 0x00000000d6980000, 0x0000000100000000)
  eden space 18432K, 0% used [0x00000000d5580000,0x00000000d5580000,0x00000000d6780000)
  from space 1024K, 53% used [0x00000000d6780000,0x00000000d6808010,0x00000000d6880000)
  to   space 1024K, 0% used [0x00000000d6880000,0x00000000d6880000,0x00000000d6980000)
 ParOldGen       total 71680K, used 71426K [0x0000000080000000, 0x0000000084600000, 0x00000000d5580000)
  object space 71680K, 99% used [0x0000000080000000,0x00000000845c0b70,0x0000000084600000)
 Metaspace       used 57842K, committed 59328K, reserved 1114112K
  class space    used 6167K, committed 6784K, reserved 1048576K
}
Event: 60.696 GC heap before
{Heap before GC invocations=66 (full 2):
 PSYoungGen      total 19456K, used 6537K [0x00000000d5580000, 0x00000000d6980000, 0x0000000100000000)
  eden space 18432K, 32% used [0x00000000d5580000,0x00000000d5b5a560,0x00000000d6780000)
  from space 1024K, 53% used [0x00000000d6780000,0x00000000d6808010,0x00000000d6880000)
  to   space 1024K, 0% used [0x00000000d6880000,0x00000000d6880000,0x00000000d6980000)
 ParOldGen       total 71680K, used 71426K [0x0000000080000000, 0x0000000084600000, 0x00000000d5580000)
  object space 71680K, 99% used [0x0000000080000000,0x00000000845c0b70,0x0000000084600000)
 Metaspace       used 58377K, committed 59776K, reserved 1114112K
  class space    used 6241K, committed 6848K, reserved 1048576K
}
Event: 60.700 GC heap after
{Heap after GC invocations=66 (full 2):
 PSYoungGen      total 19456K, used 576K [0x00000000d5580000, 0x00000000d6980000, 0x0000000100000000)
  eden space 18432K, 0% used [0x00000000d5580000,0x00000000d5580000,0x00000000d6780000)
  from space 1024K, 56% used [0x00000000d6880000,0x00000000d6910000,0x00000000d6980000)
  to   space 1024K, 0% used [0x00000000d6780000,0x00000000d6780000,0x00000000d6880000)
 ParOldGen       total 71680K, used 71674K [0x0000000080000000, 0x0000000084600000, 0x00000000d5580000)
  object space 71680K, 99% used [0x0000000080000000,0x00000000845feb70,0x0000000084600000)
 Metaspace       used 58377K, committed 59776K, reserved 1114112K
  class space    used 6241K, committed 6848K, reserved 1048576K
}
Event: 60.700 GC heap before
{Heap before GC invocations=67 (full 3):
 PSYoungGen      total 19456K, used 576K [0x00000000d5580000, 0x00000000d6980000, 0x0000000100000000)
  eden space 18432K, 0% used [0x00000000d5580000,0x00000000d5580000,0x00000000d6780000)
  from space 1024K, 56% used [0x00000000d6880000,0x00000000d6910000,0x00000000d6980000)
  to   space 1024K, 0% used [0x00000000d6780000,0x00000000d6780000,0x00000000d6880000)
 ParOldGen       total 71680K, used 71674K [0x0000000080000000, 0x0000000084600000, 0x00000000d5580000)
  object space 71680K, 99% used [0x0000000080000000,0x00000000845feb70,0x0000000084600000)
 Metaspace       used 58377K, committed 59776K, reserved 1114112K
  class space    used 6241K, committed 6848K, reserved 1048576K
}
Event: 61.018 GC heap after
{Heap after GC invocations=67 (full 3):
 PSYoungGen      total 19456K, used 0K [0x00000000d5580000, 0x00000000d6980000, 0x0000000100000000)
  eden space 18432K, 0% used [0x00000000d5580000,0x00000000d5580000,0x00000000d6780000)
  from space 1024K, 0% used [0x00000000d6880000,0x00000000d6880000,0x00000000d6980000)
  to   space 1024K, 0% used [0x00000000d6780000,0x00000000d6780000,0x00000000d6880000)
 ParOldGen       total 71680K, used 55268K [0x0000000080000000, 0x0000000084600000, 0x00000000d5580000)
  object space 71680K, 77% used [0x0000000080000000,0x00000000835f9280,0x0000000084600000)
 Metaspace       used 58375K, committed 59776K, reserved 1114112K
  class space    used 6241K, committed 6848K, reserved 1048576K
}
Event: 61.920 GC heap before
{Heap before GC invocations=68 (full 3):
 PSYoungGen      total 19456K, used 18432K [0x00000000d5580000, 0x00000000d6980000, 0x0000000100000000)
  eden space 18432K, 100% used [0x00000000d5580000,0x00000000d6780000,0x00000000d6780000)
  from space 1024K, 0% used [0x00000000d6880000,0x00000000d6880000,0x00000000d6980000)
  to   space 1024K, 0% used [0x00000000d6780000,0x00000000d6780000,0x00000000d6880000)
 ParOldGen       total 71680K, used 55268K [0x0000000080000000, 0x0000000084600000, 0x00000000d5580000)
  object space 71680K, 77% used [0x0000000080000000,0x00000000835f9280,0x0000000084600000)
 Metaspace       used 59620K, committed 61056K, reserved 1114112K
  class space    used 6342K, committed 6976K, reserved 1048576K
}
Event: 61.934 GC heap after
{Heap after GC invocations=68 (full 3):
 PSYoungGen      total 19456K, used 1018K [0x00000000d5580000, 0x00000000d6e80000, 0x0000000100000000)
  eden space 18432K, 0% used [0x00000000d5580000,0x00000000d5580000,0x00000000d6780000)
  from space 1024K, 99% used [0x00000000d6780000,0x00000000d687e980,0x00000000d6880000)
  to   space 3584K, 0% used [0x00000000d6b00000,0x00000000d6b00000,0x00000000d6e80000)
 ParOldGen       total 71680K, used 57176K [0x0000000080000000, 0x0000000084600000, 0x00000000d5580000)
  object space 71680K, 79% used [0x0000000080000000,0x00000000837d6010,0x0000000084600000)
 Metaspace       used 59620K, committed 61056K, reserved 1114112K
  class space    used 6342K, committed 6976K, reserved 1048576K
}
Event: 62.251 GC heap before
{Heap before GC invocations=69 (full 3):
 PSYoungGen      total 19456K, used 19450K [0x00000000d5580000, 0x00000000d6e80000, 0x0000000100000000)
  eden space 18432K, 100% used [0x00000000d5580000,0x00000000d6780000,0x00000000d6780000)
  from space 1024K, 99% used [0x00000000d6780000,0x00000000d687e980,0x00000000d6880000)
  to   space 3584K, 0% used [0x00000000d6b00000,0x00000000d6b00000,0x00000000d6e80000)
 ParOldGen       total 71680K, used 57176K [0x0000000080000000, 0x0000000084600000, 0x00000000d5580000)
  object space 71680K, 79% used [0x0000000080000000,0x00000000837d6010,0x0000000084600000)
 Metaspace       used 60016K, committed 61440K, reserved 1114112K
  class space    used 6362K, committed 6976K, reserved 1048576K
}
Event: 62.255 GC heap after
{Heap after GC invocations=69 (full 3):
 PSYoungGen      total 19456K, used 713K [0x00000000d5580000, 0x00000000d6c00000, 0x0000000100000000)
  eden space 18432K, 0% used [0x00000000d5580000,0x00000000d5580000,0x00000000d6780000)
  from space 1024K, 69% used [0x00000000d6b00000,0x00000000d6bb26d8,0x00000000d6c00000)
  to   space 1536K, 0% used [0x00000000d6900000,0x00000000d6900000,0x00000000d6a80000)
 ParOldGen       total 71680K, used 58168K [0x0000000080000000, 0x0000000084600000, 0x00000000d5580000)
  object space 71680K, 81% used [0x0000000080000000,0x00000000838ce218,0x0000000084600000)
 Metaspace       used 60016K, committed 61440K, reserved 1114112K
  class space    used 6362K, committed 6976K, reserved 1048576K
}
Event: 62.772 GC heap before
{Heap before GC invocations=70 (full 3):
 PSYoungGen      total 19456K, used 19115K [0x00000000d5580000, 0x00000000d6c00000, 0x0000000100000000)
  eden space 18432K, 99% used [0x00000000d5580000,0x00000000d67788a0,0x00000000d6780000)
  from space 1024K, 69% used [0x00000000d6b00000,0x00000000d6bb26d8,0x00000000d6c00000)
  to   space 1536K, 0% used [0x00000000d6900000,0x00000000d6900000,0x00000000d6a80000)
 ParOldGen       total 71680K, used 58168K [0x0000000080000000, 0x0000000084600000, 0x00000000d5580000)
  object space 71680K, 81% used [0x0000000080000000,0x00000000838ce218,0x0000000084600000)
 Metaspace       used 61061K, committed 62464K, reserved 1114112K
  class space    used 6453K, committed 7040K, reserved 1048576K
}
Event: 62.775 GC heap after
{Heap after GC invocations=70 (full 3):
 PSYoungGen      total 19968K, used 320K [0x00000000d5580000, 0x00000000d6b80000, 0x0000000100000000)
  eden space 18432K, 0% used [0x00000000d5580000,0x00000000d5580000,0x00000000d6780000)
  from space 1536K, 20% used [0x00000000d6900000,0x00000000d6950000,0x00000000d6a80000)
  to   space 1024K, 0% used [0x00000000d6a80000,0x00000000d6a80000,0x00000000d6b80000)
 ParOldGen       total 71680K, used 58344K [0x0000000080000000, 0x0000000084600000, 0x00000000d5580000)
  object space 71680K, 81% used [0x0000000080000000,0x00000000838fa218,0x0000000084600000)
 Metaspace       used 61061K, committed 62464K, reserved 1114112K
  class space    used 6453K, committed 7040K, reserved 1048576K
}
Event: 64.277 GC heap before
{Heap before GC invocations=71 (full 3):
 PSYoungGen      total 19968K, used 18752K [0x00000000d5580000, 0x00000000d6b80000, 0x0000000100000000)
  eden space 18432K, 100% used [0x00000000d5580000,0x00000000d6780000,0x00000000d6780000)
  from space 1536K, 20% used [0x00000000d6900000,0x00000000d6950000,0x00000000d6a80000)
  to   space 1024K, 0% used [0x00000000d6a80000,0x00000000d6a80000,0x00000000d6b80000)
 ParOldGen       total 71680K, used 58344K [0x0000000080000000, 0x0000000084600000, 0x00000000d5580000)
  object space 71680K, 81% used [0x0000000080000000,0x00000000838fa218,0x0000000084600000)
 Metaspace       used 62235K, committed 63616K, reserved 1114112K
  class space    used 6572K, committed 7168K, reserved 1048576K
}
Event: 64.281 GC heap after
{Heap after GC invocations=71 (full 3):
 PSYoungGen      total 19456K, used 832K [0x00000000d5580000, 0x00000000d6b80000, 0x0000000100000000)
  eden space 18432K, 0% used [0x00000000d5580000,0x00000000d5580000,0x00000000d6780000)
  from space 1024K, 81% used [0x00000000d6a80000,0x00000000d6b50000,0x00000000d6b80000)
  to   space 1024K, 0% used [0x00000000d6980000,0x00000000d6980000,0x00000000d6a80000)
 ParOldGen       total 71680K, used 58456K [0x0000000080000000, 0x0000000084600000, 0x00000000d5580000)
  object space 71680K, 81% used [0x0000000080000000,0x0000000083916218,0x0000000084600000)
 Metaspace       used 62235K, committed 63616K, reserved 1114112K
  class space    used 6572K, committed 7168K, reserved 1048576K
}
Event: 65.605 GC heap before
{Heap before GC invocations=72 (full 3):
 PSYoungGen      total 19456K, used 19264K [0x00000000d5580000, 0x00000000d6b80000, 0x0000000100000000)
  eden space 18432K, 100% used [0x00000000d5580000,0x00000000d6780000,0x00000000d6780000)
  from space 1024K, 81% used [0x00000000d6a80000,0x00000000d6b50000,0x00000000d6b80000)
  to   space 1024K, 0% used [0x00000000d6980000,0x00000000d6980000,0x00000000d6a80000)
 ParOldGen       total 71680K, used 58456K [0x0000000080000000, 0x0000000084600000, 0x00000000d5580000)
  object space 71680K, 81% used [0x0000000080000000,0x0000000083916218,0x0000000084600000)
 Metaspace       used 62514K, committed 64000K, reserved 1114112K
  class space    used 6599K, committed 7232K, reserved 1048576K
}
Event: 65.610 GC heap after
{Heap after GC invocations=72 (full 3):
 PSYoungGen      total 19456K, used 784K [0x00000000d5580000, 0x00000000d6b00000, 0x0000000100000000)
  eden space 18432K, 0% used [0x00000000d5580000,0x00000000d5580000,0x00000000d6780000)
  from space 1024K, 76% used [0x00000000d6980000,0x00000000d6a44010,0x00000000d6a80000)
  to   space 512K, 0% used [0x00000000d6a80000,0x00000000d6a80000,0x00000000d6b00000)
 ParOldGen       total 71680K, used 58915K [0x0000000080000000, 0x0000000084600000, 0x00000000d5580000)
  object space 71680K, 82% used [0x0000000080000000,0x0000000083988d88,0x0000000084600000)
 Metaspace       used 62514K, committed 64000K, reserved 1114112K
  class space    used 6599K, committed 7232K, reserved 1048576K
}

