# JRE version: OpenJDK Runtime Environment Temurin-21.0.10+7 (21.0.10+7) (build 21.0.10+7-LTS)
# Java VM: OpenJDK 64-Bit Server VM Temurin-21.0.10+7 (21.0.10+7-LTS, mixed mode, sharing, tiered, compressed oops, compressed class ptrs, parallel gc, windows-amd64)
GC Precious Log:
 CardTable entry size: 512
 CPUs: 12 total, 12 available
 Memory: 16064M
 Large Page Support: Disabled
 NUMA Support: Disabled
 Compressed Oops: Enabled (32-bit)
 Alignments: Space 512K, Generation 512K, Heap 2M
 Heap Min Capacity: 100M
 Heap Initial Capacity: 100M
 Heap Max Capacity: 2G
 Pre-touch: Disabled
 Parallel Workers: 10
Heap:
 PSYoungGen      total 25088K, used 21066K [0x00000000d5580000, 0x00000000d7100000, 0x0000000100000000)
  eden space 22016K, 83% used [0x00000000d5580000,0x00000000d6786448,0x00000000d6b00000)
  from space 3072K, 84% used [0x00000000d6b00000,0x00000000d6d8c430,0x00000000d6e00000)
  to   space 3072K, 0% used [0x00000000d6e00000,0x00000000d6e00000,0x00000000d7100000)
 ParOldGen       total 68608K, used 38250K [0x0000000080000000, 0x0000000084300000, 0x00000000d5580000)
  object space 68608K, 55% used [0x0000000080000000,0x000000008255a998,0x0000000084300000)
 Metaspace       used 50212K, committed 51456K, reserved 1114112K
  class space    used 5416K, committed 5952K, reserved 1048576K
GC Heap History (20 events):
Event: 22.066 GC heap before
{Heap before GC invocations=19 (full 2):
 PSYoungGen      total 23040K, used 23033K [0x00000000d5580000, 0x00000000d7100000, 0x0000000100000000)
  eden space 22016K, 100% used [0x00000000d5580000,0x00000000d6b00000,0x00000000d6b00000)
  from space 1024K, 99% used [0x00000000d7000000,0x00000000d70fe508,0x00000000d7100000)
  to   space 2048K, 0% used [0x00000000d6d00000,0x00000000d6d00000,0x00000000d6f00000)
 ParOldGen       total 68608K, used 19571K [0x0000000080000000, 0x0000000084300000, 0x00000000d5580000)
  object space 68608K, 28% used [0x0000000080000000,0x000000008131cde8,0x0000000084300000)
 Metaspace       used 39549K, committed 40768K, reserved 1114112K
  class space    used 4190K, committed 4736K, reserved 1048576K
}
Event: 22.073 GC heap after
{Heap after GC invocations=19 (full 2):
 PSYoungGen      total 24064K, used 2048K [0x00000000d5580000, 0x00000000d7200000, 0x0000000100000000)
  eden space 22016K, 0% used [0x00000000d5580000,0x00000000d5580000,0x00000000d6b00000)
  from space 2048K, 100% used [0x00000000d6d00000,0x00000000d6f00000,0x00000000d6f00000)
  to   space 3072K, 0% used [0x00000000d6f00000,0x00000000d6f00000,0x00000000d7200000)
 ParOldGen       total 68608K, used 20740K [0x0000000080000000, 0x0000000084300000, 0x00000000d5580000)
  object space 68608K, 30% used [0x0000000080000000,0x00000000814413b0,0x0000000084300000)
 Metaspace       used 39549K, committed 40768K, reserved 1114112K
  class space    used 4190K, committed 4736K, reserved 1048576K
}
Event: 22.961 GC heap before
{Heap before GC invocations=20 (full 2):
 PSYoungGen      total 24064K, used 24064K [0x00000000d5580000, 0x00000000d7200000, 0x0000000100000000)
  eden space 22016K, 100% used [0x00000000d5580000,0x00000000d6b00000,0x00000000d6b00000)
  from space 2048K, 100% used [0x00000000d6d00000,0x00000000d6f00000,0x00000000d6f00000)
  to   space 3072K, 0% used [0x00000000d6f00000,0x00000000d6f00000,0x00000000d7200000)
 ParOldGen       total 68608K, used 20740K [0x0000000080000000, 0x0000000084300000, 0x00000000d5580000)
  object space 68608K, 30% used [0x0000000080000000,0x00000000814413b0,0x0000000084300000)
 Metaspace       used 41850K, committed 43072K, reserved 1114112K
  class space    used 4457K, committed 4992K, reserved 1048576K
}
Event: 22.969 GC heap after
{Heap after GC invocations=20 (full 2):
 PSYoungGen      total 24064K, used 1586K [0x00000000d5580000, 0x00000000d7100000, 0x0000000100000000)
  eden space 22016K, 0% used [0x00000000d5580000,0x00000000d5580000,0x00000000d6b00000)
  from space 2048K, 77% used [0x00000000d6f00000,0x00000000d708cbb0,0x00000000d7100000)
  to   space 2560K, 0% used [0x00000000d6c00000,0x00000000d6c00000,0x00000000d6e80000)
 ParOldGen       total 68608K, used 22713K [0x0000000080000000, 0x0000000084300000, 0x00000000d5580000)
  object space 68608K, 33% used [0x0000000080000000,0x000000008162e4f0,0x0000000084300000)
 Metaspace       used 41850K, committed 43072K, reserved 1114112K
  class space    used 4457K, committed 4992K, reserved 1048576K
}
Event: 23.569 GC heap before
{Heap before GC invocations=21 (full 2):
 PSYoungGen      total 24064K, used 23602K [0x00000000d5580000, 0x00000000d7100000, 0x0000000100000000)
  eden space 22016K, 100% used [0x00000000d5580000,0x00000000d6b00000,0x00000000d6b00000)
  from space 2048K, 77% used [0x00000000d6f00000,0x00000000d708cbb0,0x00000000d7100000)
  to   space 2560K, 0% used [0x00000000d6c00000,0x00000000d6c00000,0x00000000d6e80000)
 ParOldGen       total 68608K, used 22713K [0x0000000080000000, 0x0000000084300000, 0x00000000d5580000)
  object space 68608K, 33% used [0x0000000080000000,0x000000008162e4f0,0x0000000084300000)
 Metaspace       used 42759K, committed 44032K, reserved 1114112K
  class space    used 4566K, committed 5120K, reserved 1048576K
}
Event: 23.585 GC heap after
{Heap after GC invocations=21 (full 2):
 PSYoungGen      total 24576K, used 2541K [0x00000000d5580000, 0x00000000d7a00000, 0x0000000100000000)
  eden space 22016K, 0% used [0x00000000d5580000,0x00000000d5580000,0x00000000d6b00000)
  from space 2560K, 99% used [0x00000000d6c00000,0x00000000d6e7b6a0,0x00000000d6e80000)
  to   space 7680K, 0% used [0x00000000d7280000,0x00000000d7280000,0x00000000d7a00000)
 ParOldGen       total 68608K, used 26855K [0x0000000080000000, 0x0000000084300000, 0x00000000d5580000)
  object space 68608K, 39% used [0x0000000080000000,0x0000000081a39e78,0x0000000084300000)
 Metaspace       used 42759K, committed 44032K, reserved 1114112K
  class space    used 4566K, committed 5120K, reserved 1048576K
}
Event: 24.962 GC heap before
{Heap before GC invocations=22 (full 2):
 PSYoungGen      total 24576K, used 24557K [0x00000000d5580000, 0x00000000d7a00000, 0x0000000100000000)
  eden space 22016K, 100% used [0x00000000d5580000,0x00000000d6b00000,0x00000000d6b00000)
  from space 2560K, 99% used [0x00000000d6c00000,0x00000000d6e7b6a0,0x00000000d6e80000)
  to   space 7680K, 0% used [0x00000000d7280000,0x00000000d7280000,0x00000000d7a00000)
 ParOldGen       total 68608K, used 26855K [0x0000000080000000, 0x0000000084300000, 0x00000000d5580000)
  object space 68608K, 39% used [0x0000000080000000,0x0000000081a39e78,0x0000000084300000)
 Metaspace       used 44680K, committed 45888K, reserved 1114112K
  class space    used 4822K, committed 5376K, reserved 1048576K
}
Event: 24.973 GC heap after
{Heap after GC invocations=22 (full 2):
 PSYoungGen      total 26624K, used 4256K [0x00000000d5580000, 0x00000000d7700000, 0x0000000100000000)
  eden space 22016K, 0% used [0x00000000d5580000,0x00000000d5580000,0x00000000d6b00000)
  from space 4608K, 92% used [0x00000000d7280000,0x00000000d76a8000,0x00000000d7700000)
  to   space 5120K, 0% used [0x00000000d6d00000,0x00000000d6d00000,0x00000000d7200000)
 ParOldGen       total 68608K, used 29065K [0x0000000080000000, 0x0000000084300000, 0x00000000d5580000)
  object space 68608K, 42% used [0x0000000080000000,0x0000000081c625a0,0x0000000084300000)
 Metaspace       used 44680K, committed 45888K, reserved 1114112K
  class space    used 4822K, committed 5376K, reserved 1048576K
}
Event: 26.970 GC heap before
{Heap before GC invocations=23 (full 2):
 PSYoungGen      total 26624K, used 26272K [0x00000000d5580000, 0x00000000d7700000, 0x0000000100000000)
  eden space 22016K, 100% used [0x00000000d5580000,0x00000000d6b00000,0x00000000d6b00000)
  from space 4608K, 92% used [0x00000000d7280000,0x00000000d76a8000,0x00000000d7700000)
  to   space 5120K, 0% used [0x00000000d6d00000,0x00000000d6d00000,0x00000000d7200000)
 ParOldGen       total 68608K, used 29065K [0x0000000080000000, 0x0000000084300000, 0x00000000d5580000)
  object space 68608K, 42% used [0x0000000080000000,0x0000000081c625a0,0x0000000084300000)
 Metaspace       used 47017K, committed 48320K, reserved 1114112K
  class space    used 5107K, committed 5696K, reserved 1048576K
}
Event: 26.985 GC heap after
{Heap after GC invocations=23 (full 2):
 PSYoungGen      total 23552K, used 1403K [0x00000000d5580000, 0x00000000d7300000, 0x0000000100000000)
  eden space 22016K, 0% used [0x00000000d5580000,0x00000000d5580000,0x00000000d6b00000)
  from space 1536K, 91% used [0x00000000d6d00000,0x00000000d6e5eea8,0x00000000d6e80000)
  to   space 3072K, 0% used [0x00000000d7000000,0x00000000d7000000,0x00000000d7300000)
 ParOldGen       total 68608K, used 33167K [0x0000000080000000, 0x0000000084300000, 0x00000000d5580000)
  object space 68608K, 48% used [0x0000000080000000,0x0000000082063e20,0x0000000084300000)
 Metaspace       used 47017K, committed 48320K, reserved 1114112K
  class space    used 5107K, committed 5696K, reserved 1048576K
}
Event: 31.324 GC heap before
{Heap before GC invocations=24 (full 2):
 PSYoungGen      total 23552K, used 23419K [0x00000000d5580000, 0x00000000d7300000, 0x0000000100000000)
  eden space 22016K, 100% used [0x00000000d5580000,0x00000000d6b00000,0x00000000d6b00000)
  from space 1536K, 91% used [0x00000000d6d00000,0x00000000d6e5eea8,0x00000000d6e80000)
  to   space 3072K, 0% used [0x00000000d7000000,0x00000000d7000000,0x00000000d7300000)
 ParOldGen       total 68608K, used 33167K [0x0000000080000000, 0x0000000084300000, 0x00000000d5580000)
  object space 68608K, 48% used [0x0000000080000000,0x0000000082063e20,0x0000000084300000)
 Metaspace       used 47449K, committed 48768K, reserved 1114112K
  class space    used 5141K, committed 5760K, reserved 1048576K
}
Event: 31.331 GC heap after
{Heap after GC invocations=24 (full 2):
 PSYoungGen      total 22528K, used 320K [0x00000000d5580000, 0x00000000d7080000, 0x0000000100000000)
  eden space 22016K, 0% used [0x00000000d5580000,0x00000000d5580000,0x00000000d6b00000)
  from space 512K, 62% used [0x00000000d7000000,0x00000000d7050000,0x00000000d7080000)
  to   space 1024K, 0% used [0x00000000d6e80000,0x00000000d6e80000,0x00000000d6f80000)
 ParOldGen       total 68608K, used 34457K [0x0000000080000000, 0x0000000084300000, 0x00000000d5580000)
  object space 68608K, 50% used [0x0000000080000000,0x00000000821a66c0,0x0000000084300000)
 Metaspace       used 47449K, committed 48768K, reserved 1114112K
  class space    used 5141K, committed 5760K, reserved 1048576K
}
Event: 35.713 GC heap before
{Heap before GC invocations=25 (full 2):
 PSYoungGen      total 22528K, used 22336K [0x00000000d5580000, 0x00000000d7080000, 0x0000000100000000)
  eden space 22016K, 100% used [0x00000000d5580000,0x00000000d6b00000,0x00000000d6b00000)
  from space 512K, 62% used [0x00000000d7000000,0x00000000d7050000,0x00000000d7080000)
  to   space 1024K, 0% used [0x00000000d6e80000,0x00000000d6e80000,0x00000000d6f80000)
 ParOldGen       total 68608K, used 34457K [0x0000000080000000, 0x0000000084300000, 0x00000000d5580000)
  object space 68608K, 50% used [0x0000000080000000,0x00000000821a66c0,0x0000000084300000)
 Metaspace       used 47546K, committed 48896K, reserved 1114112K
  class space    used 5144K, committed 5760K, reserved 1048576K
}
Event: 35.717 GC heap after
{Heap after GC invocations=25 (full 2):
 PSYoungGen      total 23040K, used 416K [0x00000000d5580000, 0x00000000d7080000, 0x0000000100000000)
  eden space 22016K, 0% used [0x00000000d5580000,0x00000000d5580000,0x00000000d6b00000)
  from space 1024K, 40% used [0x00000000d6e80000,0x00000000d6ee8000,0x00000000d6f80000)
  to   space 512K, 0% used [0x00000000d7000000,0x00000000d7000000,0x00000000d7080000)
 ParOldGen       total 68608K, used 34569K [0x0000000080000000, 0x0000000084300000, 0x00000000d5580000)
  object space 68608K, 50% used [0x0000000080000000,0x00000000821c26c0,0x0000000084300000)
 Metaspace       used 47546K, committed 48896K, reserved 1114112K
  class space    used 5144K, committed 5760K, reserved 1048576K
}
Event: 37.299 GC heap before
{Heap before GC invocations=26 (full 2):
 PSYoungGen      total 23040K, used 22432K [0x00000000d5580000, 0x00000000d7080000, 0x0000000100000000)
  eden space 22016K, 100% used [0x00000000d5580000,0x00000000d6b00000,0x00000000d6b00000)
  from space 1024K, 40% used [0x00000000d6e80000,0x00000000d6ee8000,0x00000000d6f80000)
  to   space 512K, 0% used [0x00000000d7000000,0x00000000d7000000,0x00000000d7080000)
 ParOldGen       total 68608K, used 34569K [0x0000000080000000, 0x0000000084300000, 0x00000000d5580000)
  object space 68608K, 50% used [0x0000000080000000,0x00000000821c26c0,0x0000000084300000)
 Metaspace       used 47866K, committed 49152K, reserved 1114112K
  class space    used 5176K, committed 5760K, reserved 1048576K
}
Event: 37.305 GC heap after
{Heap after GC invocations=26 (full 2):
 PSYoungGen      total 22528K, used 512K [0x00000000d5580000, 0x00000000d7080000, 0x0000000100000000)
  eden space 22016K, 0% used [0x00000000d5580000,0x00000000d5580000,0x00000000d6b00000)
  from space 512K, 100% used [0x00000000d7000000,0x00000000d7080000,0x00000000d7080000)
  to   space 1536K, 0% used [0x00000000d6d80000,0x00000000d6d80000,0x00000000d6f00000)
 ParOldGen       total 68608K, used 34993K [0x0000000080000000, 0x0000000084300000, 0x00000000d5580000)
  object space 68608K, 51% used [0x0000000080000000,0x000000008222c6c0,0x0000000084300000)
 Metaspace       used 47866K, committed 49152K, reserved 1114112K
  class space    used 5176K, committed 5760K, reserved 1048576K
}
Event: 39.669 GC heap before
{Heap before GC invocations=27 (full 2):
 PSYoungGen      total 22528K, used 22528K [0x00000000d5580000, 0x00000000d7080000, 0x0000000100000000)
  eden space 22016K, 100% used [0x00000000d5580000,0x00000000d6b00000,0x00000000d6b00000)
  from space 512K, 100% used [0x00000000d7000000,0x00000000d7080000,0x00000000d7080000)
  to   space 1536K, 0% used [0x00000000d6d80000,0x00000000d6d80000,0x00000000d6f00000)
 ParOldGen       total 68608K, used 34993K [0x0000000080000000, 0x0000000084300000, 0x00000000d5580000)
  object space 68608K, 51% used [0x0000000080000000,0x000000008222c6c0,0x0000000084300000)
 Metaspace       used 49094K, committed 50368K, reserved 1114112K
  class space    used 5311K, committed 5888K, reserved 1048576K
}
Event: 39.674 GC heap after
{Heap after GC invocations=27 (full 2):
 PSYoungGen      total 23552K, used 648K [0x00000000d5580000, 0x00000000d7080000, 0x0000000100000000)
  eden space 22016K, 0% used [0x00000000d5580000,0x00000000d5580000,0x00000000d6b00000)
  from space 1536K, 42% used [0x00000000d6d80000,0x00000000d6e221b8,0x00000000d6f00000)
  to   space 1024K, 0% used [0x00000000d6f80000,0x00000000d6f80000,0x00000000d7080000)
 ParOldGen       total 68608K, used 35529K [0x0000000080000000, 0x0000000084300000, 0x00000000d5580000)
  object space 68608K, 51% used [0x0000000080000000,0x00000000822b26c0,0x0000000084300000)
 Metaspace       used 49094K, committed 50368K, reserved 1114112K
  class space    used 5311K, committed 5888K, reserved 1048576K
}
Event: 40.467 GC heap before
{Heap before GC invocations=28 (full 2):
 PSYoungGen      total 23552K, used 22664K [0x00000000d5580000, 0x00000000d7080000, 0x0000000100000000)
  eden space 22016K, 100% used [0x00000000d5580000,0x00000000d6b00000,0x00000000d6b00000)
  from space 1536K, 42% used [0x00000000d6d80000,0x00000000d6e221b8,0x00000000d6f00000)
  to   space 1024K, 0% used [0x00000000d6f80000,0x00000000d6f80000,0x00000000d7080000)
 ParOldGen       total 68608K, used 35529K [0x0000000080000000, 0x0000000084300000, 0x00000000d5580000)
  object space 68608K, 51% used [0x0000000080000000,0x00000000822b26c0,0x0000000084300000)
 Metaspace       used 49815K, committed 51072K, reserved 1114112K
  class space    used 5358K, committed 5888K, reserved 1048576K
}
Event: 40.473 GC heap after
{Heap after GC invocations=28 (full 2):
 PSYoungGen      total 23040K, used 992K [0x00000000d5580000, 0x00000000d7100000, 0x0000000100000000)
  eden space 22016K, 0% used [0x00000000d5580000,0x00000000d5580000,0x00000000d6b00000)
  from space 1024K, 96% used [0x00000000d6f80000,0x00000000d7078030,0x00000000d7080000)
  to   space 3072K, 0% used [0x00000000d6b00000,0x00000000d6b00000,0x00000000d6e00000)
 ParOldGen       total 68608K, used 37221K [0x0000000080000000, 0x0000000084300000, 0x00000000d5580000)
  object space 68608K, 54% used [0x0000000080000000,0x0000000082459600,0x0000000084300000)
 Metaspace       used 49815K, committed 51072K, reserved 1114112K
  class space    used 5358K, committed 5888K, reserved 1048576K
}

