# JRE version: OpenJDK Runtime Environment Temurin-21.0.10+7 (21.0.10+7) (build 21.0.10+7-LTS)
# Java VM: OpenJDK 64-Bit Server VM Temurin-21.0.10+7 (21.0.10+7-LTS, mixed mode, sharing, tiered, compressed oops, compressed class ptrs, parallel gc, windows-amd64)
GC Precious Log:
 CardTable entry size: 512
 CPUs: 12 total, 12 available
 Memory: 16064M
 Large Page Support: Disabled
 NUMA Support: Disabled
 Compressed Oops: Enabled (32-bit)
 Alignments: Space 512K, Generation 512K, Heap 2M
 Heap Min Capacity: 100M
 Heap Initial Capacity: 100M
 Heap Max Capacity: 2G
 Pre-touch: Disabled
 Parallel Workers: 10
Heap:
 PSYoungGen      total 19968K, used 13501K [0x00000000d5580000, 0x00000000d6a00000, 0x0000000100000000)
  eden space 18944K, 68% used [0x00000000d5580000,0x00000000d6223678,0x00000000d6800000)
  from space 1024K, 54% used [0x00000000d6900000,0x00000000d698c120,0x00000000d6a00000)
  to   space 1024K, 0% used [0x00000000d6800000,0x00000000d6800000,0x00000000d6900000)
 ParOldGen       total 70656K, used 70330K [0x0000000080000000, 0x0000000084500000, 0x00000000d5580000)
  object space 70656K, 99% used [0x0000000080000000,0x00000000844aea80,0x0000000084500000)
 Metaspace       used 54013K, committed 55424K, reserved 1114112K
  class space    used 5742K, committed 6336K, reserved 1048576K
GC Heap History (20 events):
Event: 44.241 GC heap before
{Heap before GC invocations=50 (full 2):
 PSYoungGen      total 19968K, used 19952K [0x00000000d5580000, 0x00000000d6d00000, 0x0000000100000000)
  eden space 18944K, 99% used [0x00000000d5580000,0x00000000d67fcb60,0x00000000d6800000)
  from space 1024K, 99% used [0x00000000d6800000,0x00000000d68ff770,0x00000000d6900000)
  to   space 2560K, 0% used [0x00000000d6a80000,0x00000000d6a80000,0x00000000d6d00000)
 ParOldGen       total 68608K, used 61256K [0x0000000080000000, 0x0000000084300000, 0x00000000d5580000)
  object space 68608K, 89% used [0x0000000080000000,0x0000000083bd2030,0x0000000084300000)
 Metaspace       used 52940K, committed 54208K, reserved 1114112K
  class space    used 5675K, committed 6272K, reserved 1048576K
}
Event: 44.248 GC heap after
{Heap after GC invocations=50 (full 2):
 PSYoungGen      total 20480K, used 1488K [0x00000000d5580000, 0x00000000d6c00000, 0x0000000100000000)
  eden space 18944K, 0% used [0x00000000d5580000,0x00000000d5580000,0x00000000d6800000)
  from space 1536K, 96% used [0x00000000d6a80000,0x00000000d6bf4050,0x00000000d6c00000)
  to   space 2048K, 0% used [0x00000000d6800000,0x00000000d6800000,0x00000000d6a00000)
 ParOldGen       total 68608K, used 61863K [0x0000000080000000, 0x0000000084300000, 0x00000000d5580000)
  object space 68608K, 90% used [0x0000000080000000,0x0000000083c69d40,0x0000000084300000)
 Metaspace       used 52940K, committed 54208K, reserved 1114112K
  class space    used 5675K, committed 6272K, reserved 1048576K
}
Event: 45.751 GC heap before
{Heap before GC invocations=51 (full 2):
 PSYoungGen      total 20480K, used 20432K [0x00000000d5580000, 0x00000000d6c00000, 0x0000000100000000)
  eden space 18944K, 100% used [0x00000000d5580000,0x00000000d6800000,0x00000000d6800000)
  from space 1536K, 96% used [0x00000000d6a80000,0x00000000d6bf4050,0x00000000d6c00000)
  to   space 2048K, 0% used [0x00000000d6800000,0x00000000d6800000,0x00000000d6a00000)
 ParOldGen       total 68608K, used 61863K [0x0000000080000000, 0x0000000084300000, 0x00000000d5580000)
  object space 68608K, 90% used [0x0000000080000000,0x0000000083c69d40,0x0000000084300000)
 Metaspace       used 53034K, committed 54336K, reserved 1114112K
  class space    used 5676K, committed 6272K, reserved 1048576K
}
Event: 45.756 GC heap after
{Heap after GC invocations=51 (full 2):
 PSYoungGen      total 20480K, used 1504K [0x00000000d5580000, 0x00000000d6b00000, 0x0000000100000000)
  eden space 18944K, 0% used [0x00000000d5580000,0x00000000d5580000,0x00000000d6800000)
  from space 1536K, 97% used [0x00000000d6800000,0x00000000d6978020,0x00000000d6980000)
  to   space 1536K, 0% used [0x00000000d6980000,0x00000000d6980000,0x00000000d6b00000)
 ParOldGen       total 68608K, used 62963K [0x0000000080000000, 0x0000000084300000, 0x00000000d5580000)
  object space 68608K, 91% used [0x0000000080000000,0x0000000083d7cd90,0x0000000084300000)
 Metaspace       used 53034K, committed 54336K, reserved 1114112K
  class space    used 5676K, committed 6272K, reserved 1048576K
}
Event: 46.214 GC heap before
{Heap before GC invocations=52 (full 2):
 PSYoungGen      total 20480K, used 20448K [0x00000000d5580000, 0x00000000d6b00000, 0x0000000100000000)
  eden space 18944K, 100% used [0x00000000d5580000,0x00000000d6800000,0x00000000d6800000)
  from space 1536K, 97% used [0x00000000d6800000,0x00000000d6978020,0x00000000d6980000)
  to   space 1536K, 0% used [0x00000000d6980000,0x00000000d6980000,0x00000000d6b00000)
 ParOldGen       total 68608K, used 62963K [0x0000000080000000, 0x0000000084300000, 0x00000000d5580000)
  object space 68608K, 91% used [0x0000000080000000,0x0000000083d7cd90,0x0000000084300000)
 Metaspace       used 53379K, committed 54784K, reserved 1114112K
  class space    used 5701K, committed 6336K, reserved 1048576K
}
Event: 46.220 GC heap after
{Heap after GC invocations=52 (full 2):
 PSYoungGen      total 20480K, used 1104K [0x00000000d5580000, 0x00000000d6b00000, 0x0000000100000000)
  eden space 18944K, 0% used [0x00000000d5580000,0x00000000d5580000,0x00000000d6800000)
  from space 1536K, 71% used [0x00000000d6980000,0x00000000d6a94010,0x00000000d6b00000)
  to   space 1536K, 0% used [0x00000000d6800000,0x00000000d6800000,0x00000000d6980000)
 ParOldGen       total 68608K, used 64337K [0x0000000080000000, 0x0000000084300000, 0x00000000d5580000)
  object space 68608K, 93% used [0x0000000080000000,0x0000000083ed44a8,0x0000000084300000)
 Metaspace       used 53379K, committed 54784K, reserved 1114112K
  class space    used 5701K, committed 6336K, reserved 1048576K
}
Event: 46.435 GC heap before
{Heap before GC invocations=53 (full 2):
 PSYoungGen      total 20480K, used 20048K [0x00000000d5580000, 0x00000000d6b00000, 0x0000000100000000)
  eden space 18944K, 100% used [0x00000000d5580000,0x00000000d6800000,0x00000000d6800000)
  from space 1536K, 71% used [0x00000000d6980000,0x00000000d6a94010,0x00000000d6b00000)
  to   space 1536K, 0% used [0x00000000d6800000,0x00000000d6800000,0x00000000d6980000)
 ParOldGen       total 68608K, used 64337K [0x0000000080000000, 0x0000000084300000, 0x00000000d5580000)
  object space 68608K, 93% used [0x0000000080000000,0x0000000083ed44a8,0x0000000084300000)
 Metaspace       used 53437K, committed 54848K, reserved 1114112K
  class space    used 5701K, committed 6336K, reserved 1048576K
}
Event: 46.439 GC heap after
{Heap after GC invocations=53 (full 2):
 PSYoungGen      total 20480K, used 977K [0x00000000d5580000, 0x00000000d6b00000, 0x0000000100000000)
  eden space 18944K, 0% used [0x00000000d5580000,0x00000000d5580000,0x00000000d6800000)
  from space 1536K, 63% used [0x00000000d6800000,0x00000000d68f4498,0x00000000d6980000)
  to   space 1536K, 0% used [0x00000000d6980000,0x00000000d6980000,0x00000000d6b00000)
 ParOldGen       total 68608K, used 65150K [0x0000000080000000, 0x0000000084300000, 0x00000000d5580000)
  object space 68608K, 94% used [0x0000000080000000,0x0000000083f9f850,0x0000000084300000)
 Metaspace       used 53437K, committed 54848K, reserved 1114112K
  class space    used 5701K, committed 6336K, reserved 1048576K
}
Event: 46.575 GC heap before
{Heap before GC invocations=54 (full 2):
 PSYoungGen      total 20480K, used 19921K [0x00000000d5580000, 0x00000000d6b00000, 0x0000000100000000)
  eden space 18944K, 100% used [0x00000000d5580000,0x00000000d6800000,0x00000000d6800000)
  from space 1536K, 63% used [0x00000000d6800000,0x00000000d68f4498,0x00000000d6980000)
  to   space 1536K, 0% used [0x00000000d6980000,0x00000000d6980000,0x00000000d6b00000)
 ParOldGen       total 68608K, used 65150K [0x0000000080000000, 0x0000000084300000, 0x00000000d5580000)
  object space 68608K, 94% used [0x0000000080000000,0x0000000083f9f850,0x0000000084300000)
 Metaspace       used 53477K, committed 54912K, reserved 1114112K
  class space    used 5701K, committed 6336K, reserved 1048576K
}
Event: 46.580 GC heap after
{Heap after GC invocations=54 (full 2):
 PSYoungGen      total 20480K, used 1281K [0x00000000d5580000, 0x00000000d6b00000, 0x0000000100000000)
  eden space 18944K, 0% used [0x00000000d5580000,0x00000000d5580000,0x00000000d6800000)
  from space 1536K, 83% used [0x00000000d6980000,0x00000000d6ac0420,0x00000000d6b00000)
  to   space 1536K, 0% used [0x00000000d6800000,0x00000000d6800000,0x00000000d6980000)
 ParOldGen       total 68608K, used 65726K [0x0000000080000000, 0x0000000084300000, 0x00000000d5580000)
  object space 68608K, 95% used [0x0000000080000000,0x000000008402f850,0x0000000084300000)
 Metaspace       used 53477K, committed 54912K, reserved 1114112K
  class space    used 5701K, committed 6336K, reserved 1048576K
}
Event: 46.742 GC heap before
{Heap before GC invocations=55 (full 2):
 PSYoungGen      total 20480K, used 20225K [0x00000000d5580000, 0x00000000d6b00000, 0x0000000100000000)
  eden space 18944K, 100% used [0x00000000d5580000,0x00000000d6800000,0x00000000d6800000)
  from space 1536K, 83% used [0x00000000d6980000,0x00000000d6ac0420,0x00000000d6b00000)
  to   space 1536K, 0% used [0x00000000d6800000,0x00000000d6800000,0x00000000d6980000)
 ParOldGen       total 68608K, used 65726K [0x0000000080000000, 0x0000000084300000, 0x00000000d5580000)
  object space 68608K, 95% used [0x0000000080000000,0x000000008402f850,0x0000000084300000)
 Metaspace       used 53519K, committed 54912K, reserved 1114112K
  class space    used 5701K, committed 6336K, reserved 1048576K
}
Event: 46.747 GC heap after
{Heap after GC invocations=55 (full 2):
 PSYoungGen      total 20480K, used 1173K [0x00000000d5580000, 0x00000000d6b00000, 0x0000000100000000)
  eden space 18944K, 0% used [0x00000000d5580000,0x00000000d5580000,0x00000000d6800000)
  from space 1536K, 76% used [0x00000000d6800000,0x00000000d6925610,0x00000000d6980000)
  to   space 1536K, 0% used [0x00000000d6980000,0x00000000d6980000,0x00000000d6b00000)
 ParOldGen       total 68608K, used 66293K [0x0000000080000000, 0x0000000084300000, 0x00000000d5580000)
  object space 68608K, 96% used [0x0000000080000000,0x00000000840bd600,0x0000000084300000)
 Metaspace       used 53519K, committed 54912K, reserved 1114112K
  class space    used 5701K, committed 6336K, reserved 1048576K
}
Event: 46.988 GC heap before
{Heap before GC invocations=56 (full 2):
 PSYoungGen      total 20480K, used 20117K [0x00000000d5580000, 0x00000000d6b00000, 0x0000000100000000)
  eden space 18944K, 100% used [0x00000000d5580000,0x00000000d6800000,0x00000000d6800000)
  from space 1536K, 76% used [0x00000000d6800000,0x00000000d6925610,0x00000000d6980000)
  to   space 1536K, 0% used [0x00000000d6980000,0x00000000d6980000,0x00000000d6b00000)
 ParOldGen       total 68608K, used 66293K [0x0000000080000000, 0x0000000084300000, 0x00000000d5580000)
  object space 68608K, 96% used [0x0000000080000000,0x00000000840bd600,0x0000000084300000)
 Metaspace       used 53569K, committed 54976K, reserved 1114112K
  class space    used 5704K, committed 6336K, reserved 1048576K
}
Event: 46.994 GC heap after
{Heap after GC invocations=56 (full 2):
 PSYoungGen      total 19968K, used 640K [0x00000000d5580000, 0x00000000d6a80000, 0x0000000100000000)
  eden space 18944K, 0% used [0x00000000d5580000,0x00000000d5580000,0x00000000d6800000)
  from space 1024K, 62% used [0x00000000d6980000,0x00000000d6a20000,0x00000000d6a80000)
  to   space 1024K, 0% used [0x00000000d6880000,0x00000000d6880000,0x00000000d6980000)
 ParOldGen       total 68608K, used 66941K [0x0000000080000000, 0x0000000084300000, 0x00000000d5580000)
  object space 68608K, 97% used [0x0000000080000000,0x000000008415f600,0x0000000084300000)
 Metaspace       used 53569K, committed 54976K, reserved 1114112K
  class space    used 5704K, committed 6336K, reserved 1048576K
}
Event: 47.265 GC heap before
{Heap before GC invocations=57 (full 2):
 PSYoungGen      total 19968K, used 19584K [0x00000000d5580000, 0x00000000d6a80000, 0x0000000100000000)
  eden space 18944K, 100% used [0x00000000d5580000,0x00000000d6800000,0x00000000d6800000)
  from space 1024K, 62% used [0x00000000d6980000,0x00000000d6a20000,0x00000000d6a80000)
  to   space 1024K, 0% used [0x00000000d6880000,0x00000000d6880000,0x00000000d6980000)
 ParOldGen       total 68608K, used 66941K [0x0000000080000000, 0x0000000084300000, 0x00000000d5580000)
  object space 68608K, 97% used [0x0000000080000000,0x000000008415f600,0x0000000084300000)
 Metaspace       used 53586K, committed 54976K, reserved 1114112K
  class space    used 5704K, committed 6336K, reserved 1048576K
}
Event: 47.270 GC heap after
{Heap after GC invocations=57 (full 2):
 PSYoungGen      total 19968K, used 785K [0x00000000d5580000, 0x00000000d6a00000, 0x0000000100000000)
  eden space 18944K, 0% used [0x00000000d5580000,0x00000000d5580000,0x00000000d6800000)
  from space 1024K, 76% used [0x00000000d6880000,0x00000000d6944500,0x00000000d6980000)
  to   space 512K, 0% used [0x00000000d6980000,0x00000000d6980000,0x00000000d6a00000)
 ParOldGen       total 68608K, used 67397K [0x0000000080000000, 0x0000000084300000, 0x00000000d5580000)
  object space 68608K, 98% used [0x0000000080000000,0x00000000841d1610,0x0000000084300000)
 Metaspace       used 53586K, committed 54976K, reserved 1114112K
  class space    used 5704K, committed 6336K, reserved 1048576K
}
Event: 47.497 GC heap before
{Heap before GC invocations=58 (full 2):
 PSYoungGen      total 19968K, used 19729K [0x00000000d5580000, 0x00000000d6a00000, 0x0000000100000000)
  eden space 18944K, 100% used [0x00000000d5580000,0x00000000d6800000,0x00000000d6800000)
  from space 1024K, 76% used [0x00000000d6880000,0x00000000d6944500,0x00000000d6980000)
  to   space 512K, 0% used [0x00000000d6980000,0x00000000d6980000,0x00000000d6a00000)
 ParOldGen       total 68608K, used 67397K [0x0000000080000000, 0x0000000084300000, 0x00000000d5580000)
  object space 68608K, 98% used [0x0000000080000000,0x00000000841d1610,0x0000000084300000)
 Metaspace       used 53783K, committed 55232K, reserved 1114112K
  class space    used 5723K, committed 6336K, reserved 1048576K
}
Event: 47.501 GC heap after
{Heap after GC invocations=58 (full 2):
 PSYoungGen      total 19456K, used 510K [0x00000000d5580000, 0x00000000d6a00000, 0x0000000100000000)
  eden space 18944K, 0% used [0x00000000d5580000,0x00000000d5580000,0x00000000d6800000)
  from space 512K, 99% used [0x00000000d6980000,0x00000000d69ffad8,0x00000000d6a00000)
  to   space 1024K, 0% used [0x00000000d6800000,0x00000000d6800000,0x00000000d6900000)
 ParOldGen       total 68608K, used 67774K [0x0000000080000000, 0x0000000084300000, 0x00000000d5580000)
  object space 68608K, 98% used [0x0000000080000000,0x000000008422fa10,0x0000000084300000)
 Metaspace       used 53783K, committed 55232K, reserved 1114112K
  class space    used 5723K, committed 6336K, reserved 1048576K
}
Event: 48.659 GC heap before
{Heap before GC invocations=59 (full 2):
 PSYoungGen      total 19456K, used 19454K [0x00000000d5580000, 0x00000000d6a00000, 0x0000000100000000)
  eden space 18944K, 100% used [0x00000000d5580000,0x00000000d6800000,0x00000000d6800000)
  from space 512K, 99% used [0x00000000d6980000,0x00000000d69ffad8,0x00000000d6a00000)
  to   space 1024K, 0% used [0x00000000d6800000,0x00000000d6800000,0x00000000d6900000)
 ParOldGen       total 68608K, used 67774K [0x0000000080000000, 0x0000000084300000, 0x00000000d5580000)
  object space 68608K, 98% used [0x0000000080000000,0x000000008422fa10,0x0000000084300000)
 Metaspace       used 53964K, committed 55360K, reserved 1114112K
  class space    used 5739K, committed 6336K, reserved 1048576K
}
Event: 48.664 GC heap after
{Heap after GC invocations=59 (full 2):
 PSYoungGen      total 19968K, used 745K [0x00000000d5580000, 0x00000000d6a00000, 0x0000000100000000)
  eden space 18944K, 0% used [0x00000000d5580000,0x00000000d5580000,0x00000000d6800000)
  from space 1024K, 72% used [0x00000000d6800000,0x00000000d68ba7e0,0x00000000d6900000)
  to   space 1024K, 0% used [0x00000000d6900000,0x00000000d6900000,0x00000000d6a00000)
 ParOldGen       total 68608K, used 68086K [0x0000000080000000, 0x0000000084300000, 0x00000000d5580000)
  object space 68608K, 99% used [0x0000000080000000,0x000000008427da10,0x0000000084300000)
 Metaspace       used 53964K, committed 55360K, reserved 1114112K
  class space    used 5739K, committed 6336K, reserved 1048576K
}

