# JRE version: OpenJDK Runtime Environment Temurin-21.0.10+7 (21.0.10+7) (build 21.0.10+7-LTS)
# Java VM: OpenJDK 64-Bit Server VM Temurin-21.0.10+7 (21.0.10+7-LTS, mixed mode, sharing, tiered, compressed oops, compressed class ptrs, parallel gc, windows-amd64)
GC Precious Log:
 CardTable entry size: 512
 CPUs: 12 total, 12 available
 Memory: 16064M
 Large Page Support: Disabled
 NUMA Support: Disabled
 Compressed Oops: Enabled (32-bit)
 Alignments: Space 512K, Generation 512K, Heap 2M
 Heap Min Capacity: 100M
 Heap Initial Capacity: 100M
 Heap Max Capacity: 2G
 Pre-touch: Disabled
 Parallel Workers: 10
Heap:
 PSYoungGen      total 16896K, used 1521K [0x00000000d5580000, 0x00000000d6900000, 0x0000000100000000)
  eden space 15360K, 0% used [0x00000000d5580000,0x00000000d5580000,0x00000000d6480000)
  from space 1536K, 99% used [0x00000000d6780000,0x00000000d68fc400,0x00000000d6900000)
  to   space 2048K, 0% used [0x00000000d6480000,0x00000000d6480000,0x00000000d6680000)
 ParOldGen       total 68608K, used 40868K [0x0000000080000000, 0x0000000084300000, 0x00000000d5580000)
  object space 68608K, 59% used [0x0000000080000000,0x00000000827e9028,0x0000000084300000)
 Metaspace       used 50212K, committed 51584K, reserved 1114112K
  class space    used 5419K, committed 6016K, reserved 1048576K
GC Heap History (20 events):
Event: 24.264 GC heap after
{Heap after GC invocations=25 (full 2):
 PSYoungGen      total 13824K, used 800K [0x00000000d5580000, 0x00000000d6980000, 0x0000000100000000)
  eden space 11776K, 0% used [0x00000000d5580000,0x00000000d5580000,0x00000000d6100000)
  from space 2048K, 39% used [0x00000000d6600000,0x00000000d66c8000,0x00000000d6800000)
  to   space 1024K, 0% used [0x00000000d6880000,0x00000000d6880000,0x00000000d6980000)
 ParOldGen       total 68608K, used 35228K [0x0000000080000000, 0x0000000084300000, 0x00000000d5580000)
  object space 68608K, 51% used [0x0000000080000000,0x0000000082267190,0x0000000084300000)
 Metaspace       used 46005K, committed 47232K, reserved 1114112K
  class space    used 4992K, committed 5504K, reserved 1048576K
}
Event: 25.856 GC heap before
{Heap before GC invocations=26 (full 2):
 PSYoungGen      total 13824K, used 12576K [0x00000000d5580000, 0x00000000d6980000, 0x0000000100000000)
  eden space 11776K, 100% used [0x00000000d5580000,0x00000000d6100000,0x00000000d6100000)
  from space 2048K, 39% used [0x00000000d6600000,0x00000000d66c8000,0x00000000d6800000)
  to   space 1024K, 0% used [0x00000000d6880000,0x00000000d6880000,0x00000000d6980000)
 ParOldGen       total 68608K, used 35228K [0x0000000080000000, 0x0000000084300000, 0x00000000d5580000)
  object space 68608K, 51% used [0x0000000080000000,0x0000000082267190,0x0000000084300000)
 Metaspace       used 47402K, committed 48704K, reserved 1114112K
  class space    used 5140K, committed 5760K, reserved 1048576K
}
Event: 25.861 GC heap after
{Heap after GC invocations=26 (full 2):
 PSYoungGen      total 12800K, used 704K [0x00000000d5580000, 0x00000000d6980000, 0x0000000100000000)
  eden space 11776K, 0% used [0x00000000d5580000,0x00000000d5580000,0x00000000d6100000)
  from space 1024K, 68% used [0x00000000d6880000,0x00000000d6930000,0x00000000d6980000)
  to   space 1024K, 0% used [0x00000000d6780000,0x00000000d6780000,0x00000000d6880000)
 ParOldGen       total 68608K, used 35846K [0x0000000080000000, 0x0000000084300000, 0x00000000d5580000)
  object space 68608K, 52% used [0x0000000080000000,0x0000000082301830,0x0000000084300000)
 Metaspace       used 47402K, committed 48704K, reserved 1114112K
  class space    used 5140K, committed 5760K, reserved 1048576K
}
Event: 28.714 GC heap before
{Heap before GC invocations=27 (full 2):
 PSYoungGen      total 12800K, used 12480K [0x00000000d5580000, 0x00000000d6980000, 0x0000000100000000)
  eden space 11776K, 100% used [0x00000000d5580000,0x00000000d6100000,0x00000000d6100000)
  from space 1024K, 68% used [0x00000000d6880000,0x00000000d6930000,0x00000000d6980000)
  to   space 1024K, 0% used [0x00000000d6780000,0x00000000d6780000,0x00000000d6880000)
 ParOldGen       total 68608K, used 35846K [0x0000000080000000, 0x0000000084300000, 0x00000000d5580000)
  object space 68608K, 52% used [0x0000000080000000,0x0000000082301830,0x0000000084300000)
 Metaspace       used 47430K, committed 48704K, reserved 1114112K
  class space    used 5141K, committed 5760K, reserved 1048576K
}
Event: 28.718 GC heap after
{Heap after GC invocations=27 (full 2):
 PSYoungGen      total 12800K, used 256K [0x00000000d5580000, 0x00000000d6900000, 0x0000000100000000)
  eden space 11776K, 0% used [0x00000000d5580000,0x00000000d5580000,0x00000000d6100000)
  from space 1024K, 25% used [0x00000000d6780000,0x00000000d67c0000,0x00000000d6880000)
  to   space 512K, 0% used [0x00000000d6880000,0x00000000d6880000,0x00000000d6900000)
 ParOldGen       total 68608K, used 36390K [0x0000000080000000, 0x0000000084300000, 0x00000000d5580000)
  object space 68608K, 53% used [0x0000000080000000,0x0000000082389a20,0x0000000084300000)
 Metaspace       used 47430K, committed 48704K, reserved 1114112K
  class space    used 5141K, committed 5760K, reserved 1048576K
}
Event: 30.565 GC heap before
{Heap before GC invocations=28 (full 2):
 PSYoungGen      total 12800K, used 12032K [0x00000000d5580000, 0x00000000d6900000, 0x0000000100000000)
  eden space 11776K, 100% used [0x00000000d5580000,0x00000000d6100000,0x00000000d6100000)
  from space 1024K, 25% used [0x00000000d6780000,0x00000000d67c0000,0x00000000d6880000)
  to   space 512K, 0% used [0x00000000d6880000,0x00000000d6880000,0x00000000d6900000)
 ParOldGen       total 68608K, used 36390K [0x0000000080000000, 0x0000000084300000, 0x00000000d5580000)
  object space 68608K, 53% used [0x0000000080000000,0x0000000082389a20,0x0000000084300000)
 Metaspace       used 47441K, committed 48704K, reserved 1114112K
  class space    used 5141K, committed 5760K, reserved 1048576K
}
Event: 30.567 GC heap after
{Heap after GC invocations=28 (full 2):
 PSYoungGen      total 12288K, used 160K [0x00000000d5580000, 0x00000000d6900000, 0x0000000100000000)
  eden space 11776K, 0% used [0x00000000d5580000,0x00000000d5580000,0x00000000d6100000)
  from space 512K, 31% used [0x00000000d6880000,0x00000000d68a8000,0x00000000d6900000)
  to   space 512K, 0% used [0x00000000d6800000,0x00000000d6800000,0x00000000d6880000)
 ParOldGen       total 68608K, used 36462K [0x0000000080000000, 0x0000000084300000, 0x00000000d5580000)
  object space 68608K, 53% used [0x0000000080000000,0x000000008239ba20,0x0000000084300000)
 Metaspace       used 47441K, committed 48704K, reserved 1114112K
  class space    used 5141K, committed 5760K, reserved 1048576K
}
Event: 33.090 GC heap before
{Heap before GC invocations=29 (full 2):
 PSYoungGen      total 12288K, used 11936K [0x00000000d5580000, 0x00000000d6900000, 0x0000000100000000)
  eden space 11776K, 100% used [0x00000000d5580000,0x00000000d6100000,0x00000000d6100000)
  from space 512K, 31% used [0x00000000d6880000,0x00000000d68a8000,0x00000000d6900000)
  to   space 512K, 0% used [0x00000000d6800000,0x00000000d6800000,0x00000000d6880000)
 ParOldGen       total 68608K, used 36462K [0x0000000080000000, 0x0000000084300000, 0x00000000d5580000)
  object space 68608K, 53% used [0x0000000080000000,0x000000008239ba20,0x0000000084300000)
 Metaspace       used 47456K, committed 48704K, reserved 1114112K
  class space    used 5141K, committed 5760K, reserved 1048576K
}
Event: 33.093 GC heap after
{Heap after GC invocations=29 (full 2):
 PSYoungGen      total 12288K, used 288K [0x00000000d5580000, 0x00000000d6900000, 0x0000000100000000)
  eden space 11776K, 0% used [0x00000000d5580000,0x00000000d5580000,0x00000000d6100000)
  from space 512K, 56% used [0x00000000d6800000,0x00000000d6848000,0x00000000d6880000)
  to   space 512K, 0% used [0x00000000d6880000,0x00000000d6880000,0x00000000d6900000)
 ParOldGen       total 68608K, used 36526K [0x0000000080000000, 0x0000000084300000, 0x00000000d5580000)
  object space 68608K, 53% used [0x0000000080000000,0x00000000823aba20,0x0000000084300000)
 Metaspace       used 47456K, committed 48704K, reserved 1114112K
  class space    used 5141K, committed 5760K, reserved 1048576K
}
Event: 34.335 GC heap before
{Heap before GC invocations=30 (full 2):
 PSYoungGen      total 12288K, used 12064K [0x00000000d5580000, 0x00000000d6900000, 0x0000000100000000)
  eden space 11776K, 100% used [0x00000000d5580000,0x00000000d6100000,0x00000000d6100000)
  from space 512K, 56% used [0x00000000d6800000,0x00000000d6848000,0x00000000d6880000)
  to   space 512K, 0% used [0x00000000d6880000,0x00000000d6880000,0x00000000d6900000)
 ParOldGen       total 68608K, used 36526K [0x0000000080000000, 0x0000000084300000, 0x00000000d5580000)
  object space 68608K, 53% used [0x0000000080000000,0x00000000823aba20,0x0000000084300000)
 Metaspace       used 47596K, committed 48896K, reserved 1114112K
  class space    used 5152K, committed 5760K, reserved 1048576K
}
Event: 34.339 GC heap after
{Heap after GC invocations=30 (full 2):
 PSYoungGen      total 12288K, used 496K [0x00000000d5580000, 0x00000000d6900000, 0x0000000100000000)
  eden space 11776K, 0% used [0x00000000d5580000,0x00000000d5580000,0x00000000d6100000)
  from space 512K, 96% used [0x00000000d6880000,0x00000000d68fc010,0x00000000d6900000)
  to   space 1024K, 0% used [0x00000000d6700000,0x00000000d6700000,0x00000000d6800000)
 ParOldGen       total 68608K, used 36598K [0x0000000080000000, 0x0000000084300000, 0x00000000d5580000)
  object space 68608K, 53% used [0x0000000080000000,0x00000000823bda20,0x0000000084300000)
 Metaspace       used 47596K, committed 48896K, reserved 1114112K
  class space    used 5152K, committed 5760K, reserved 1048576K
}
Event: 35.233 GC heap before
{Heap before GC invocations=31 (full 2):
 PSYoungGen      total 12288K, used 12272K [0x00000000d5580000, 0x00000000d6900000, 0x0000000100000000)
  eden space 11776K, 100% used [0x00000000d5580000,0x00000000d6100000,0x00000000d6100000)
  from space 512K, 96% used [0x00000000d6880000,0x00000000d68fc010,0x00000000d6900000)
  to   space 1024K, 0% used [0x00000000d6700000,0x00000000d6700000,0x00000000d6800000)
 ParOldGen       total 68608K, used 36598K [0x0000000080000000, 0x0000000084300000, 0x00000000d5580000)
  object space 68608K, 53% used [0x0000000080000000,0x00000000823bda20,0x0000000084300000)
 Metaspace       used 47878K, committed 49152K, reserved 1114112K
  class space    used 5176K, committed 5760K, reserved 1048576K
}
Event: 35.238 GC heap after
{Heap after GC invocations=31 (full 2):
 PSYoungGen      total 12800K, used 704K [0x00000000d5580000, 0x00000000d6900000, 0x0000000100000000)
  eden space 11776K, 0% used [0x00000000d5580000,0x00000000d5580000,0x00000000d6100000)
  from space 1024K, 68% used [0x00000000d6700000,0x00000000d67b0000,0x00000000d6800000)
  to   space 1024K, 0% used [0x00000000d6800000,0x00000000d6800000,0x00000000d6900000)
 ParOldGen       total 68608K, used 36958K [0x0000000080000000, 0x0000000084300000, 0x00000000d5580000)
  object space 68608K, 53% used [0x0000000080000000,0x0000000082417a20,0x0000000084300000)
 Metaspace       used 47878K, committed 49152K, reserved 1114112K
  class space    used 5176K, committed 5760K, reserved 1048576K
}
Event: 37.472 GC heap before
{Heap before GC invocations=32 (full 2):
 PSYoungGen      total 12800K, used 12479K [0x00000000d5580000, 0x00000000d6900000, 0x0000000100000000)
  eden space 11776K, 99% used [0x00000000d5580000,0x00000000d60fffe0,0x00000000d6100000)
  from space 1024K, 68% used [0x00000000d6700000,0x00000000d67b0000,0x00000000d6800000)
  to   space 1024K, 0% used [0x00000000d6800000,0x00000000d6800000,0x00000000d6900000)
 ParOldGen       total 68608K, used 36958K [0x0000000080000000, 0x0000000084300000, 0x00000000d5580000)
  object space 68608K, 53% used [0x0000000080000000,0x0000000082417a20,0x0000000084300000)
 Metaspace       used 48055K, committed 49344K, reserved 1114112K
  class space    used 5199K, committed 5824K, reserved 1048576K
}
Event: 37.478 GC heap after
{Heap after GC invocations=32 (full 2):
 PSYoungGen      total 12288K, used 352K [0x00000000d5580000, 0x00000000d6880000, 0x0000000100000000)
  eden space 11776K, 0% used [0x00000000d5580000,0x00000000d5580000,0x00000000d6100000)
  from space 512K, 68% used [0x00000000d6800000,0x00000000d6858000,0x00000000d6880000)
  to   space 512K, 0% used [0x00000000d6780000,0x00000000d6780000,0x00000000d6800000)
 ParOldGen       total 68608K, used 37554K [0x0000000080000000, 0x0000000084300000, 0x00000000d5580000)
  object space 68608K, 54% used [0x0000000080000000,0x00000000824aca30,0x0000000084300000)
 Metaspace       used 48055K, committed 49344K, reserved 1114112K
  class space    used 5199K, committed 5824K, reserved 1048576K
}
Event: 37.948 GC heap before
{Heap before GC invocations=33 (full 2):
 PSYoungGen      total 12288K, used 12128K [0x00000000d5580000, 0x00000000d6880000, 0x0000000100000000)
  eden space 11776K, 100% used [0x00000000d5580000,0x00000000d6100000,0x00000000d6100000)
  from space 512K, 68% used [0x00000000d6800000,0x00000000d6858000,0x00000000d6880000)
  to   space 512K, 0% used [0x00000000d6780000,0x00000000d6780000,0x00000000d6800000)
 ParOldGen       total 68608K, used 37554K [0x0000000080000000, 0x0000000084300000, 0x00000000d5580000)
  object space 68608K, 54% used [0x0000000080000000,0x00000000824aca30,0x0000000084300000)
 Metaspace       used 49076K, committed 50432K, reserved 1114112K
  class space    used 5304K, committed 5888K, reserved 1048576K
}
Event: 37.954 GC heap after
{Heap after GC invocations=33 (full 2):
 PSYoungGen      total 12288K, used 488K [0x00000000d5580000, 0x00000000d6880000, 0x0000000100000000)
  eden space 11776K, 0% used [0x00000000d5580000,0x00000000d5580000,0x00000000d6100000)
  from space 512K, 95% used [0x00000000d6780000,0x00000000d67fa1b8,0x00000000d6800000)
  to   space 512K, 0% used [0x00000000d6800000,0x00000000d6800000,0x00000000d6880000)
 ParOldGen       total 68608K, used 37682K [0x0000000080000000, 0x0000000084300000, 0x00000000d5580000)
  object space 68608K, 54% used [0x0000000080000000,0x00000000824cca30,0x0000000084300000)
 Metaspace       used 49076K, committed 50432K, reserved 1114112K
  class space    used 5304K, committed 5888K, reserved 1048576K
}
Event: 38.603 GC heap before
{Heap before GC invocations=34 (full 2):
 PSYoungGen      total 12288K, used 12264K [0x00000000d5580000, 0x00000000d6880000, 0x0000000100000000)
  eden space 11776K, 100% used [0x00000000d5580000,0x00000000d6100000,0x00000000d6100000)
  from space 512K, 95% used [0x00000000d6780000,0x00000000d67fa1b8,0x00000000d6800000)
  to   space 512K, 0% used [0x00000000d6800000,0x00000000d6800000,0x00000000d6880000)
 ParOldGen       total 68608K, used 37682K [0x0000000080000000, 0x0000000084300000, 0x00000000d5580000)
  object space 68608K, 54% used [0x0000000080000000,0x00000000824cca30,0x0000000084300000)
 Metaspace       used 49830K, committed 51136K, reserved 1114112K
  class space    used 5360K, committed 5952K, reserved 1048576K
}
Event: 38.609 GC heap after
{Heap after GC invocations=34 (full 2):
 PSYoungGen      total 12288K, used 480K [0x00000000d5580000, 0x00000000d6880000, 0x0000000100000000)
  eden space 11776K, 0% used [0x00000000d5580000,0x00000000d5580000,0x00000000d6100000)
  from space 512K, 93% used [0x00000000d6800000,0x00000000d6878040,0x00000000d6880000)
  to   space 2048K, 0% used [0x00000000d6480000,0x00000000d6480000,0x00000000d6680000)
 ParOldGen       total 68608K, used 38811K [0x0000000080000000, 0x0000000084300000, 0x00000000d5580000)
  object space 68608K, 56% used [0x0000000080000000,0x00000000825e6fa8,0x0000000084300000)
 Metaspace       used 49830K, committed 51136K, reserved 1114112K
  class space    used 5360K, committed 5952K, reserved 1048576K
}
Event: 38.750 GC heap before
{Heap before GC invocations=35 (full 2):
 PSYoungGen      total 12288K, used 12256K [0x00000000d5580000, 0x00000000d6880000, 0x0000000100000000)
  eden space 11776K, 100% used [0x00000000d5580000,0x00000000d6100000,0x00000000d6100000)
  from space 512K, 93% used [0x00000000d6800000,0x00000000d6878040,0x00000000d6880000)
  to   space 2048K, 0% used [0x00000000d6480000,0x00000000d6480000,0x00000000d6680000)
 ParOldGen       total 68608K, used 38811K [0x0000000080000000, 0x0000000084300000, 0x00000000d5580000)
  object space 68608K, 56% used [0x0000000080000000,0x00000000825e6fa8,0x0000000084300000)
 Metaspace       used 49831K, committed 51136K, reserved 1114112K
  class space    used 5360K, committed 5952K, reserved 1048576K
}

