# JRE version: OpenJDK Runtime Environment Temurin-21.0.10+7 (21.0.10+7) (build 21.0.10+7-LTS)
# Java VM: OpenJDK 64-Bit Server VM Temurin-21.0.10+7 (21.0.10+7-LTS, mixed mode, sharing, tiered, compressed oops, compressed class ptrs, parallel gc, windows-amd64)
GC Precious Log:
 CardTable entry size: 512
 CPUs: 12 total, 12 available
 Memory: 16064M
 Large Page Support: Disabled
 NUMA Support: Disabled
 Compressed Oops: Enabled (32-bit)
 Alignments: Space 512K, Generation 512K, Heap 2M
 Heap Min Capacity: 100M
 Heap Initial Capacity: 100M
 Heap Max Capacity: 2G
 Pre-touch: Disabled
 Parallel Workers: 10
Heap:
 PSYoungGen      total 18432K, used 3427K [0x00000000d5580000, 0x00000000d6a00000, 0x0000000100000000)
  eden space 16384K, 9% used [0x00000000d5580000,0x00000000d57208a0,0x00000000d6580000)
  from space 2048K, 93% used [0x00000000d6680000,0x00000000d6860010,0x00000000d6880000)
  to   space 1536K, 0% used [0x00000000d6880000,0x00000000d6880000,0x00000000d6a00000)
 ParOldGen       total 68608K, used 47218K [0x0000000080000000, 0x0000000084300000, 0x00000000d5580000)
  object space 68608K, 68% used [0x0000000080000000,0x0000000082e1cb98,0x0000000084300000)
 Metaspace       used 50226K, committed 51520K, reserved 1114112K
  class space    used 5424K, committed 5952K, reserved 1048576K
GC Heap History (20 events):
Event: 26.229 GC heap after
{Heap after GC invocations=23 (full 2):
 PSYoungGen      total 17920K, used 1051K [0x00000000d5580000, 0x00000000d7100000, 0x0000000100000000)
  eden space 16384K, 0% used [0x00000000d5580000,0x00000000d5580000,0x00000000d6580000)
  from space 1536K, 68% used [0x00000000d6580000,0x00000000d6686e98,0x00000000d6700000)
  to   space 4608K, 0% used [0x00000000d6c80000,0x00000000d6c80000,0x00000000d7100000)
 ParOldGen       total 68608K, used 34929K [0x0000000080000000, 0x0000000084300000, 0x00000000d5580000)
  object space 68608K, 50% used [0x0000000080000000,0x000000008221c5a8,0x0000000084300000)
 Metaspace       used 46394K, committed 47680K, reserved 1114112K
  class space    used 5039K, committed 5568K, reserved 1048576K
}
Event: 29.696 GC heap before
{Heap before GC invocations=24 (full 2):
 PSYoungGen      total 17920K, used 17435K [0x00000000d5580000, 0x00000000d7100000, 0x0000000100000000)
  eden space 16384K, 100% used [0x00000000d5580000,0x00000000d6580000,0x00000000d6580000)
  from space 1536K, 68% used [0x00000000d6580000,0x00000000d6686e98,0x00000000d6700000)
  to   space 4608K, 0% used [0x00000000d6c80000,0x00000000d6c80000,0x00000000d7100000)
 ParOldGen       total 68608K, used 34929K [0x0000000080000000, 0x0000000084300000, 0x00000000d5580000)
  object space 68608K, 50% used [0x0000000080000000,0x000000008221c5a8,0x0000000084300000)
 Metaspace       used 47407K, committed 48640K, reserved 1114112K
  class space    used 5144K, committed 5696K, reserved 1048576K
}
Event: 29.702 GC heap after
{Heap after GC invocations=24 (full 2):
 PSYoungGen      total 17408K, used 640K [0x00000000d5580000, 0x00000000d6d80000, 0x0000000100000000)
  eden space 16384K, 0% used [0x00000000d5580000,0x00000000d5580000,0x00000000d6580000)
  from space 1024K, 62% used [0x00000000d6c80000,0x00000000d6d20000,0x00000000d6d80000)
  to   space 1536K, 0% used [0x00000000d6a80000,0x00000000d6a80000,0x00000000d6c00000)
 ParOldGen       total 68608K, used 35781K [0x0000000080000000, 0x0000000084300000, 0x00000000d5580000)
  object space 68608K, 52% used [0x0000000080000000,0x00000000822f1660,0x0000000084300000)
 Metaspace       used 47407K, committed 48640K, reserved 1114112K
  class space    used 5144K, committed 5696K, reserved 1048576K
}
Event: 32.818 GC heap before
{Heap before GC invocations=25 (full 2):
 PSYoungGen      total 17408K, used 17024K [0x00000000d5580000, 0x00000000d6d80000, 0x0000000100000000)
  eden space 16384K, 100% used [0x00000000d5580000,0x00000000d6580000,0x00000000d6580000)
  from space 1024K, 62% used [0x00000000d6c80000,0x00000000d6d20000,0x00000000d6d80000)
  to   space 1536K, 0% used [0x00000000d6a80000,0x00000000d6a80000,0x00000000d6c00000)
 ParOldGen       total 68608K, used 35781K [0x0000000080000000, 0x0000000084300000, 0x00000000d5580000)
  object space 68608K, 52% used [0x0000000080000000,0x00000000822f1660,0x0000000084300000)
 Metaspace       used 47451K, committed 48704K, reserved 1114112K
  class space    used 5144K, committed 5696K, reserved 1048576K
}
Event: 32.821 GC heap after
{Heap after GC invocations=25 (full 2):
 PSYoungGen      total 17920K, used 512K [0x00000000d5580000, 0x00000000d6d00000, 0x0000000100000000)
  eden space 16384K, 0% used [0x00000000d5580000,0x00000000d5580000,0x00000000d6580000)
  from space 1536K, 33% used [0x00000000d6a80000,0x00000000d6b00000,0x00000000d6c00000)
  to   space 1024K, 0% used [0x00000000d6c00000,0x00000000d6c00000,0x00000000d6d00000)
 ParOldGen       total 68608K, used 36227K [0x0000000080000000, 0x0000000084300000, 0x00000000d5580000)
  object space 68608K, 52% used [0x0000000080000000,0x0000000082360e38,0x0000000084300000)
 Metaspace       used 47451K, committed 48704K, reserved 1114112K
  class space    used 5144K, committed 5696K, reserved 1048576K
}
Event: 36.115 GC heap before
{Heap before GC invocations=26 (full 2):
 PSYoungGen      total 17920K, used 16896K [0x00000000d5580000, 0x00000000d6d00000, 0x0000000100000000)
  eden space 16384K, 100% used [0x00000000d5580000,0x00000000d6580000,0x00000000d6580000)
  from space 1536K, 33% used [0x00000000d6a80000,0x00000000d6b00000,0x00000000d6c00000)
  to   space 1024K, 0% used [0x00000000d6c00000,0x00000000d6c00000,0x00000000d6d00000)
 ParOldGen       total 68608K, used 36227K [0x0000000080000000, 0x0000000084300000, 0x00000000d5580000)
  object space 68608K, 52% used [0x0000000080000000,0x0000000082360e38,0x0000000084300000)
 Metaspace       used 47510K, committed 48768K, reserved 1114112K
  class space    used 5147K, committed 5696K, reserved 1048576K
}
Event: 36.120 GC heap after
{Heap after GC invocations=26 (full 2):
 PSYoungGen      total 16896K, used 320K [0x00000000d5580000, 0x00000000d6c80000, 0x0000000100000000)
  eden space 16384K, 0% used [0x00000000d5580000,0x00000000d5580000,0x00000000d6580000)
  from space 512K, 62% used [0x00000000d6c00000,0x00000000d6c50000,0x00000000d6c80000)
  to   space 512K, 0% used [0x00000000d6b80000,0x00000000d6b80000,0x00000000d6c00000)
 ParOldGen       total 68608K, used 36363K [0x0000000080000000, 0x0000000084300000, 0x00000000d5580000)
  object space 68608K, 53% used [0x0000000080000000,0x0000000082382e38,0x0000000084300000)
 Metaspace       used 47510K, committed 48768K, reserved 1114112K
  class space    used 5147K, committed 5696K, reserved 1048576K
}
Event: 36.853 GC heap before
{Heap before GC invocations=27 (full 2):
 PSYoungGen      total 16896K, used 16704K [0x00000000d5580000, 0x00000000d6c80000, 0x0000000100000000)
  eden space 16384K, 100% used [0x00000000d5580000,0x00000000d6580000,0x00000000d6580000)
  from space 512K, 62% used [0x00000000d6c00000,0x00000000d6c50000,0x00000000d6c80000)
  to   space 512K, 0% used [0x00000000d6b80000,0x00000000d6b80000,0x00000000d6c00000)
 ParOldGen       total 68608K, used 36363K [0x0000000080000000, 0x0000000084300000, 0x00000000d5580000)
  object space 68608K, 53% used [0x0000000080000000,0x0000000082382e38,0x0000000084300000)
 Metaspace       used 47678K, committed 49024K, reserved 1114112K
  class space    used 5170K, committed 5760K, reserved 1048576K
}
Event: 36.857 GC heap after
{Heap after GC invocations=27 (full 2):
 PSYoungGen      total 16896K, used 512K [0x00000000d5580000, 0x00000000d6c80000, 0x0000000100000000)
  eden space 16384K, 0% used [0x00000000d5580000,0x00000000d5580000,0x00000000d6580000)
  from space 512K, 100% used [0x00000000d6b80000,0x00000000d6c00000,0x00000000d6c00000)
  to   space 512K, 0% used [0x00000000d6c00000,0x00000000d6c00000,0x00000000d6c80000)
 ParOldGen       total 68608K, used 36583K [0x0000000080000000, 0x0000000084300000, 0x00000000d5580000)
  object space 68608K, 53% used [0x0000000080000000,0x00000000823b9e48,0x0000000084300000)
 Metaspace       used 47678K, committed 49024K, reserved 1114112K
  class space    used 5170K, committed 5760K, reserved 1048576K
}
Event: 39.557 GC heap before
{Heap before GC invocations=28 (full 2):
 PSYoungGen      total 16896K, used 16896K [0x00000000d5580000, 0x00000000d6c80000, 0x0000000100000000)
  eden space 16384K, 100% used [0x00000000d5580000,0x00000000d6580000,0x00000000d6580000)
  from space 512K, 100% used [0x00000000d6b80000,0x00000000d6c00000,0x00000000d6c00000)
  to   space 512K, 0% used [0x00000000d6c00000,0x00000000d6c00000,0x00000000d6c80000)
 ParOldGen       total 68608K, used 36583K [0x0000000080000000, 0x0000000084300000, 0x00000000d5580000)
  object space 68608K, 53% used [0x0000000080000000,0x00000000823b9e48,0x0000000084300000)
 Metaspace       used 48023K, committed 49280K, reserved 1114112K
  class space    used 5204K, committed 5760K, reserved 1048576K
}
Event: 39.564 GC heap after
{Heap after GC invocations=28 (full 2):
 PSYoungGen      total 16896K, used 448K [0x00000000d5580000, 0x00000000d6c80000, 0x0000000100000000)
  eden space 16384K, 0% used [0x00000000d5580000,0x00000000d5580000,0x00000000d6580000)
  from space 512K, 87% used [0x00000000d6c00000,0x00000000d6c70000,0x00000000d6c80000)
  to   space 1024K, 0% used [0x00000000d6a80000,0x00000000d6a80000,0x00000000d6b80000)
 ParOldGen       total 68608K, used 37079K [0x0000000080000000, 0x0000000084300000, 0x00000000d5580000)
  object space 68608K, 54% used [0x0000000080000000,0x0000000082435e48,0x0000000084300000)
 Metaspace       used 48023K, committed 49280K, reserved 1114112K
  class space    used 5204K, committed 5760K, reserved 1048576K
}
Event: 40.323 GC heap before
{Heap before GC invocations=29 (full 2):
 PSYoungGen      total 16896K, used 16832K [0x00000000d5580000, 0x00000000d6c80000, 0x0000000100000000)
  eden space 16384K, 100% used [0x00000000d5580000,0x00000000d6580000,0x00000000d6580000)
  from space 512K, 87% used [0x00000000d6c00000,0x00000000d6c70000,0x00000000d6c80000)
  to   space 1024K, 0% used [0x00000000d6a80000,0x00000000d6a80000,0x00000000d6b80000)
 ParOldGen       total 68608K, used 37079K [0x0000000080000000, 0x0000000084300000, 0x00000000d5580000)
  object space 68608K, 54% used [0x0000000080000000,0x0000000082435e48,0x0000000084300000)
 Metaspace       used 49469K, committed 50816K, reserved 1114112K
  class space    used 5345K, committed 5888K, reserved 1048576K
}
Event: 40.328 GC heap after
{Heap after GC invocations=29 (full 2):
 PSYoungGen      total 17408K, used 992K [0x00000000d5580000, 0x00000000d6c80000, 0x0000000100000000)
  eden space 16384K, 0% used [0x00000000d5580000,0x00000000d5580000,0x00000000d6580000)
  from space 1024K, 96% used [0x00000000d6a80000,0x00000000d6b78000,0x00000000d6b80000)
  to   space 1024K, 0% used [0x00000000d6b80000,0x00000000d6b80000,0x00000000d6c80000)
 ParOldGen       total 68608K, used 37407K [0x0000000080000000, 0x0000000084300000, 0x00000000d5580000)
  object space 68608K, 54% used [0x0000000080000000,0x0000000082487e48,0x0000000084300000)
 Metaspace       used 49469K, committed 50816K, reserved 1114112K
  class space    used 5345K, committed 5888K, reserved 1048576K
}
Event: 40.787 GC heap before
{Heap before GC invocations=30 (full 2):
 PSYoungGen      total 17408K, used 17376K [0x00000000d5580000, 0x00000000d6c80000, 0x0000000100000000)
  eden space 16384K, 100% used [0x00000000d5580000,0x00000000d6580000,0x00000000d6580000)
  from space 1024K, 96% used [0x00000000d6a80000,0x00000000d6b78000,0x00000000d6b80000)
  to   space 1024K, 0% used [0x00000000d6b80000,0x00000000d6b80000,0x00000000d6c80000)
 ParOldGen       total 68608K, used 37407K [0x0000000080000000, 0x0000000084300000, 0x00000000d5580000)
  object space 68608K, 54% used [0x0000000080000000,0x0000000082487e48,0x0000000084300000)
 Metaspace       used 49818K, committed 51072K, reserved 1114112K
  class space    used 5364K, committed 5888K, reserved 1048576K
}
Event: 40.794 GC heap after
{Heap after GC invocations=30 (full 2):
 PSYoungGen      total 17408K, used 992K [0x00000000d5580000, 0x00000000d6c80000, 0x0000000100000000)
  eden space 16384K, 0% used [0x00000000d5580000,0x00000000d5580000,0x00000000d6580000)
  from space 1024K, 96% used [0x00000000d6b80000,0x00000000d6c78030,0x00000000d6c80000)
  to   space 3072K, 0% used [0x00000000d6680000,0x00000000d6680000,0x00000000d6980000)
 ParOldGen       total 68608K, used 38928K [0x0000000080000000, 0x0000000084300000, 0x00000000d5580000)
  object space 68608K, 56% used [0x0000000080000000,0x00000000826043b0,0x0000000084300000)
 Metaspace       used 49818K, committed 51072K, reserved 1114112K
  class space    used 5364K, committed 5888K, reserved 1048576K
}
Event: 41.227 GC heap before
{Heap before GC invocations=31 (full 2):
 PSYoungGen      total 17408K, used 17376K [0x00000000d5580000, 0x00000000d6c80000, 0x0000000100000000)
  eden space 16384K, 100% used [0x00000000d5580000,0x00000000d6580000,0x00000000d6580000)
  from space 1024K, 96% used [0x00000000d6b80000,0x00000000d6c78030,0x00000000d6c80000)
  to   space 3072K, 0% used [0x00000000d6680000,0x00000000d6680000,0x00000000d6980000)
 ParOldGen       total 68608K, used 38928K [0x0000000080000000, 0x0000000084300000, 0x00000000d5580000)
  object space 68608K, 56% used [0x0000000080000000,0x00000000826043b0,0x0000000084300000)
 Metaspace       used 50196K, committed 51456K, reserved 1114112K
  class space    used 5422K, committed 5952K, reserved 1048576K
}
Event: 41.234 GC heap after
{Heap after GC invocations=31 (full 2):
 PSYoungGen      total 19456K, used 1969K [0x00000000d5580000, 0x00000000d6c00000, 0x0000000100000000)
  eden space 16384K, 0% used [0x00000000d5580000,0x00000000d5580000,0x00000000d6580000)
  from space 3072K, 64% used [0x00000000d6680000,0x00000000d686c430,0x00000000d6980000)
  to   space 2560K, 0% used [0x00000000d6980000,0x00000000d6980000,0x00000000d6c00000)
 ParOldGen       total 68608K, used 39921K [0x0000000080000000, 0x0000000084300000, 0x00000000d5580000)
  object space 68608K, 58% used [0x0000000080000000,0x00000000826fc400,0x0000000084300000)
 Metaspace       used 50196K, committed 51456K, reserved 1114112K
  class space    used 5422K, committed 5952K, reserved 1048576K
}
Event: 41.435 GC heap before
{Heap before GC invocations=32 (full 2):
 PSYoungGen      total 19456K, used 18353K [0x00000000d5580000, 0x00000000d6c00000, 0x0000000100000000)
  eden space 16384K, 100% used [0x00000000d5580000,0x00000000d6580000,0x00000000d6580000)
  from space 3072K, 64% used [0x00000000d6680000,0x00000000d686c430,0x00000000d6980000)
  to   space 2560K, 0% used [0x00000000d6980000,0x00000000d6980000,0x00000000d6c00000)
 ParOldGen       total 68608K, used 39921K [0x0000000080000000, 0x0000000084300000, 0x00000000d5580000)
  object space 68608K, 58% used [0x0000000080000000,0x00000000826fc400,0x0000000084300000)
 Metaspace       used 50202K, committed 51456K, reserved 1114112K
  class space    used 5422K, committed 5952K, reserved 1048576K
}
Event: 41.443 GC heap after
{Heap after GC invocations=32 (full 2):
 PSYoungGen      total 18432K, used 1984K [0x00000000d5580000, 0x00000000d6b80000, 0x0000000100000000)
  eden space 16384K, 0% used [0x00000000d5580000,0x00000000d5580000,0x00000000d6580000)
  from space 2048K, 96% used [0x00000000d6980000,0x00000000d6b70010,0x00000000d6b80000)
  to   space 2048K, 0% used [0x00000000d6780000,0x00000000d6780000,0x00000000d6980000)
 ParOldGen       total 68608K, used 41840K [0x0000000080000000, 0x0000000084300000, 0x00000000d5580000)
  object space 68608K, 60% used [0x0000000080000000,0x00000000828dc200,0x0000000084300000)
 Metaspace       used 50202K, committed 51456K, reserved 1114112K
  class space    used 5422K, committed 5952K, reserved 1048576K
}
Event: 41.681 GC heap before
{Heap before GC invocations=33 (full 2):
 PSYoungGen      total 18432K, used 18368K [0x00000000d5580000, 0x00000000d6b80000, 0x0000000100000000)
  eden space 16384K, 100% used [0x00000000d5580000,0x00000000d6580000,0x00000000d6580000)
  from space 2048K, 96% used [0x00000000d6980000,0x00000000d6b70010,0x00000000d6b80000)
  to   space 2048K, 0% used [0x00000000d6780000,0x00000000d6780000,0x00000000d6980000)
 ParOldGen       total 68608K, used 41840K [0x0000000080000000, 0x0000000084300000, 0x00000000d5580000)
  object space 68608K, 60% used [0x0000000080000000,0x00000000828dc200,0x0000000084300000)
 Metaspace       used 50211K, committed 51456K, reserved 1114112K
  class space    used 5422K, committed 5952K, reserved 1048576K
}

